2025-12-10 10:31:30,831 - my_web_logger - INFO - 这是一个信息级别的日志
2025-12-10 10:31:30,831 - my_web_logger - DEBUG - 这是一个调试级别的日志
2025-12-10 11:39:09,095 - my_web_logger - INFO - Opened page: http://192.168.227.129/ecshop/user.php
2025-12-10 11:40:21,758 - my_web_logger - INFO - Opened page: http://192.168.227.129/ecshop/user.php
2025-12-10 11:41:18,842 - my_web_logger - INFO - Opened page: http://192.168.227.129/ecshop/user.php
2025-12-10 11:44:01,946 - my_web_logger - INFO - Opened page: http://192.168.227.129/ecshop/user.php
2025-12-10 11:44:01,972 - my_web_logger - INFO - Element found: ('name', 'username')
2025-12-10 11:44:02,182 - my_web_logger - INFO - Input text: 'zhangtiedan' into element: ('name', 'username')
2025-12-10 11:44:02,208 - my_web_logger - INFO - Element found: ('name', 'password')
2025-12-10 11:44:02,325 - my_web_logger - INFO - Input text: '111111' into element: ('name', 'password')
2025-12-10 11:44:02,341 - my_web_logger - INFO - Element found: ('id', 'remember')
2025-12-10 11:44:02,423 - my_web_logger - INFO - Clicked element: (('id', 'remember'),)
2025-12-10 11:44:02,437 - my_web_logger - INFO - Element found: ('name', 'submit')
2025-12-10 11:44:02,616 - my_web_logger - INFO - Clicked element: (('name', 'submit'),)
2025-12-10 11:45:29,600 - my_web_logger - INFO - Opened page: http://192.168.227.129/ecshop/user.php
2025-12-10 11:45:29,787 - my_web_logger - INFO - Element found: ('name', 'username')
2025-12-10 11:45:30,273 - my_web_logger - INFO - Input text: 'zhangtiedan' into element: ('name', 'username')
2025-12-10 11:45:30,299 - my_web_logger - INFO - Element found: ('name', 'password')
2025-12-10 11:45:30,457 - my_web_logger - INFO - Input text: '111111' into element: ('name', 'password')
2025-12-10 11:45:30,478 - my_web_logger - INFO - Element found: ('id', 'remember')
2025-12-10 11:45:30,614 - my_web_logger - INFO - Clicked element: (('id', 'remember'),)
2025-12-10 11:45:30,674 - my_web_logger - INFO - Element found: ('name', 'submit')
2025-12-10 11:45:30,902 - my_web_logger - INFO - Clicked element: (('name', 'submit'),)
2025-12-10 11:46:28,458 - my_web_logger - INFO - Opened page: http://192.168.227.129/ecshop/user.php
2025-12-10 11:47:00,294 - my_web_logger - INFO - Element found: ('name', 'username')
2025-12-10 11:47:18,101 - my_web_logger - INFO - Input text: 'zhangtiedan' into element: ('name', 'username')
2025-12-10 11:47:22,630 - my_web_logger - INFO - Element found: ('name', 'password')
2025-12-10 11:47:22,820 - my_web_logger - INFO - Input text: '111111' into element: ('name', 'password')
2025-12-10 11:47:22,856 - my_web_logger - INFO - Element found: ('id', 'remember')
2025-12-10 11:47:22,972 - my_web_logger - INFO - Clicked element: (('id', 'remember'),)
2025-12-10 11:47:23,010 - my_web_logger - INFO - Element found: ('name', 'submit')
2025-12-10 11:47:23,148 - my_web_logger - INFO - Clicked element: (('name', 'submit'),)
2025-12-10 11:49:04,733 - my_web_logger - INFO - Opened page: http://192.168.227.129/ecshop/user.php
2025-12-10 11:49:04,763 - my_web_logger - INFO - Element found: ('name', 'username')
2025-12-10 11:49:05,045 - my_web_logger - INFO - Input text: 'zhangtiedan' into element: ('name', 'username')
2025-12-10 11:49:05,063 - my_web_logger - INFO - Element found: ('name', 'password')
2025-12-10 11:49:05,173 - my_web_logger - INFO - Input text: '111111' into element: ('name', 'password')
2025-12-10 11:49:05,197 - my_web_logger - INFO - Element found: ('id', 'remember')
2025-12-10 11:49:05,279 - my_web_logger - INFO - Clicked element: ('id', 'remember')
2025-12-10 11:49:05,315 - my_web_logger - INFO - Element found: ('name', 'submit')
2025-12-10 11:49:05,501 - my_web_logger - INFO - Clicked element: ('name', 'submit')
2025-12-10 15:02:03,339 - my_web_logger - INFO - Opened page: http://192.168.227.129/ecshop/user.php
2025-12-10 15:02:03,383 - my_web_logger - INFO - Element found: ('name', 'username')
2025-12-10 15:02:03,649 - my_web_logger - INFO - Input text: 'zhangtiedan' into element: ('name', 'username')
2025-12-10 15:02:03,664 - my_web_logger - INFO - Element found: ('name', 'password')
2025-12-10 15:02:03,791 - my_web_logger - INFO - Input text: '111111' into element: ('name', 'password')
2025-12-10 15:02:03,808 - my_web_logger - INFO - Element found: ('id', 'remember')
2025-12-10 15:02:03,902 - my_web_logger - INFO - Clicked element: ('id', 'remember')
2025-12-10 15:02:03,925 - my_web_logger - INFO - Element found: ('name', 'submit')
2025-12-10 15:02:04,174 - my_web_logger - INFO - Clicked element: ('name', 'submit')
2025-12-10 15:02:11,019 - my_web_logger - INFO - Opened page: http://192.168.227.129/ecshop/user.php
2025-12-10 15:02:11,059 - my_web_logger - INFO - Element found: ('name', 'username')
2025-12-10 15:02:11,454 - my_web_logger - INFO - Input text: '' into element: ('name', 'username')
2025-12-10 15:02:11,493 - my_web_logger - INFO - Element found: ('name', 'password')
2025-12-10 15:02:11,723 - my_web_logger - INFO - Input text: '111111' into element: ('name', 'password')
2025-12-10 15:02:11,748 - my_web_logger - INFO - Element found: ('id', 'remember')
2025-12-10 15:02:11,945 - my_web_logger - INFO - Clicked element: ('id', 'remember')
2025-12-10 15:02:12,005 - my_web_logger - INFO - Element found: ('name', 'submit')
2025-12-10 15:02:12,199 - my_web_logger - INFO - Clicked element: ('name', 'submit')
2025-12-10 15:02:17,700 - my_web_logger - INFO - Opened page: http://192.168.227.129/ecshop/user.php
2025-12-10 15:02:17,769 - my_web_logger - INFO - Element found: ('name', 'username')
2025-12-10 15:02:18,275 - my_web_logger - INFO - Input text: 'zhangtiedan' into element: ('name', 'username')
2025-12-10 15:02:18,309 - my_web_logger - INFO - Element found: ('name', 'password')
2025-12-10 15:02:18,489 - my_web_logger - INFO - Input text: '' into element: ('name', 'password')
2025-12-10 15:02:18,511 - my_web_logger - INFO - Element found: ('id', 'remember')
2025-12-10 15:02:18,670 - my_web_logger - INFO - Clicked element: ('id', 'remember')
2025-12-10 15:02:18,710 - my_web_logger - INFO - Element found: ('name', 'submit')
2025-12-10 15:02:18,880 - my_web_logger - INFO - Clicked element: ('name', 'submit')
2025-12-10 15:02:24,995 - my_web_logger - INFO - Opened page: http://192.168.227.129/ecshop/user.php
2025-12-10 15:02:25,067 - my_web_logger - INFO - Element found: ('name', 'username')
2025-12-10 15:02:25,620 - my_web_logger - INFO - Input text: 'zhangtiedan' into element: ('name', 'username')
2025-12-10 15:02:25,715 - my_web_logger - INFO - Element found: ('name', 'password')
2025-12-10 15:02:26,010 - my_web_logger - INFO - Input text: '234423' into element: ('name', 'password')
2025-12-10 15:02:26,030 - my_web_logger - INFO - Element found: ('id', 'remember')
2025-12-10 15:02:26,173 - my_web_logger - INFO - Clicked element: ('id', 'remember')
2025-12-10 15:02:26,216 - my_web_logger - INFO - Element found: ('name', 'submit')
2025-12-10 15:02:26,717 - my_web_logger - INFO - Clicked element: ('name', 'submit')
2025-12-10 15:06:28,895 - my_web_logger - INFO - Opened page: http://192.168.227.129/ecshop/user.php
2025-12-10 15:06:28,945 - my_web_logger - INFO - Element found: ('name', 'username')
2025-12-10 15:06:29,274 - my_web_logger - INFO - Input text: 'zhangtiedan' into element: ('name', 'username')
2025-12-10 15:06:29,299 - my_web_logger - INFO - Element found: ('name', 'password')
2025-12-10 15:06:29,498 - my_web_logger - INFO - Input text: '111111' into element: ('name', 'password')
2025-12-10 15:06:29,517 - my_web_logger - INFO - Element found: ('id', 'remember')
2025-12-10 15:06:29,601 - my_web_logger - INFO - Clicked element: ('id', 'remember')
2025-12-10 15:06:29,616 - my_web_logger - INFO - Element found: ('name', 'submit')
2025-12-10 15:06:29,825 - my_web_logger - INFO - Clicked element: ('name', 'submit')
2025-12-10 15:06:39,202 - my_web_logger - INFO - Opened page: http://192.168.227.129/ecshop/user.php
2025-12-10 15:06:39,266 - my_web_logger - INFO - Element found: ('name', 'username')
2025-12-10 15:06:39,551 - my_web_logger - INFO - Input text: '' into element: ('name', 'username')
2025-12-10 15:06:39,574 - my_web_logger - INFO - Element found: ('name', 'password')
2025-12-10 15:06:39,746 - my_web_logger - INFO - Input text: '111111' into element: ('name', 'password')
2025-12-10 15:06:39,759 - my_web_logger - INFO - Element found: ('id', 'remember')
2025-12-10 15:06:39,872 - my_web_logger - INFO - Clicked element: ('id', 'remember')
2025-12-10 15:06:39,887 - my_web_logger - INFO - Element found: ('name', 'submit')
2025-12-10 15:06:39,991 - my_web_logger - INFO - Clicked element: ('name', 'submit')
2025-12-10 15:06:49,116 - my_web_logger - INFO - Opened page: http://192.168.227.129/ecshop/user.php
2025-12-10 15:06:49,183 - my_web_logger - INFO - Element found: ('name', 'username')
2025-12-10 15:06:49,595 - my_web_logger - INFO - Input text: 'zhangtiedan' into element: ('name', 'username')
2025-12-10 15:06:49,627 - my_web_logger - INFO - Element found: ('name', 'password')
2025-12-10 15:06:49,790 - my_web_logger - INFO - Input text: '' into element: ('name', 'password')
2025-12-10 15:06:49,840 - my_web_logger - INFO - Element found: ('id', 'remember')
2025-12-10 15:06:49,919 - my_web_logger - INFO - Clicked element: ('id', 'remember')
2025-12-10 15:06:49,937 - my_web_logger - INFO - Element found: ('name', 'submit')
2025-12-10 15:06:50,032 - my_web_logger - INFO - Clicked element: ('name', 'submit')
2025-12-10 15:07:00,260 - my_web_logger - INFO - Opened page: http://192.168.227.129/ecshop/user.php
2025-12-10 15:07:00,325 - my_web_logger - INFO - Element found: ('name', 'username')
2025-12-10 15:07:00,658 - my_web_logger - INFO - Input text: 'zhangtiedan' into element: ('name', 'username')
2025-12-10 15:07:00,711 - my_web_logger - INFO - Element found: ('name', 'password')
2025-12-10 15:07:00,861 - my_web_logger - INFO - Input text: '234423' into element: ('name', 'password')
2025-12-10 15:07:00,886 - my_web_logger - INFO - Element found: ('id', 'remember')
2025-12-10 15:07:01,016 - my_web_logger - INFO - Clicked element: ('id', 'remember')
2025-12-10 15:07:01,031 - my_web_logger - INFO - Element found: ('name', 'submit')
2025-12-10 15:07:01,245 - my_web_logger - INFO - Clicked element: ('name', 'submit')
2025-12-10 15:10:02,693 - my_web_logger - INFO - Opened page: http://192.168.227.129/ecshop/user.php
2025-12-10 15:10:02,731 - my_web_logger - INFO - Element found: ('name', 'username')
2025-12-10 15:10:02,993 - my_web_logger - INFO - Input text: 'zhangtiedan' into element: ('name', 'username')
2025-12-10 15:10:03,009 - my_web_logger - INFO - Element found: ('name', 'password')
2025-12-10 15:10:03,106 - my_web_logger - INFO - Input text: '111111' into element: ('name', 'password')
2025-12-10 15:10:03,127 - my_web_logger - INFO - Element found: ('id', 'remember')
2025-12-10 15:10:03,204 - my_web_logger - INFO - Clicked element: ('id', 'remember')
2025-12-10 15:10:03,226 - my_web_logger - INFO - Element found: ('name', 'submit')
2025-12-10 15:10:03,310 - my_web_logger - INFO - Clicked element: ('name', 'submit')
2025-12-10 15:10:03,830 - my_web_logger - INFO - Screenshot saved as: LoginPage
2025-12-10 15:12:48,574 - my_web_logger - INFO - Opened page: http://192.168.227.129/ecshop/user.php
2025-12-10 15:12:48,654 - my_web_logger - INFO - Element found: ('name', 'username')
2025-12-10 15:12:49,007 - my_web_logger - INFO - Input text: 'zhangtiedan' into element: ('name', 'username')
2025-12-10 15:12:49,037 - my_web_logger - INFO - Element found: ('name', 'password')
2025-12-10 15:12:49,172 - my_web_logger - INFO - Input text: '111111' into element: ('name', 'password')
2025-12-10 15:12:49,186 - my_web_logger - INFO - Element found: ('id', 'remember')
2025-12-10 15:12:49,299 - my_web_logger - INFO - Clicked element: ('id', 'remember')
2025-12-10 15:12:49,325 - my_web_logger - INFO - Element found: ('name', 'submit')
2025-12-10 15:12:49,597 - my_web_logger - INFO - Clicked element: ('name', 'submit')
2025-12-10 15:12:50,053 - my_web_logger - INFO - Screenshot saved as: LoginPage
2025-12-10 15:13:35,042 - my_web_logger - INFO - Opened page: http://192.168.227.129/ecshop/user.php
2025-12-10 15:13:35,103 - my_web_logger - INFO - Element found: ('name', 'username')
2025-12-10 15:13:35,504 - my_web_logger - INFO - Input text: 'zhangtiedan' into element: ('name', 'username')
2025-12-10 15:13:35,540 - my_web_logger - INFO - Element found: ('name', 'password')
2025-12-10 15:13:35,695 - my_web_logger - INFO - Input text: '111111' into element: ('name', 'password')
2025-12-10 15:13:35,716 - my_web_logger - INFO - Element found: ('id', 'remember')
2025-12-10 15:13:35,833 - my_web_logger - INFO - Clicked element: ('id', 'remember')
2025-12-10 15:13:35,856 - my_web_logger - INFO - Element found: ('name', 'submit')
2025-12-10 15:13:35,976 - my_web_logger - INFO - Clicked element: ('name', 'submit')
2025-12-10 15:13:36,519 - my_web_logger - INFO - Screenshot saved as: E:\pycharmworkspace\auto_web_20251210\pictures\LoginPage20251210151335.png
2025-12-10 15:14:59,712 - my_web_logger - INFO - Opened page: http://192.168.227.129/ecshop/user.php
2025-12-10 15:14:59,731 - my_web_logger - INFO - Element found: ('name', 'username')
2025-12-10 15:15:00,029 - my_web_logger - INFO - Input text: 'zhangtiedan' into element: ('name', 'username')
2025-12-10 15:15:00,068 - my_web_logger - INFO - Element found: ('name', 'password')
2025-12-10 15:15:00,161 - my_web_logger - INFO - Input text: '111111' into element: ('name', 'password')
2025-12-10 15:15:00,182 - my_web_logger - INFO - Element found: ('id', 'remember')
2025-12-10 15:15:00,265 - my_web_logger - INFO - Clicked element: ('id', 'remember')
2025-12-10 15:15:00,281 - my_web_logger - INFO - Element found: ('name', 'submit')
2025-12-10 15:15:00,646 - my_web_logger - INFO - Clicked element: ('name', 'submit')
2025-12-10 15:15:03,317 - my_web_logger - INFO - Screenshot saved as: E:\pycharmworkspace\auto_web_20251210\pictures\LoginPage20251210151502.png
2025-12-10 15:15:10,377 - my_web_logger - INFO - Opened page: http://192.168.227.129/ecshop/user.php
2025-12-10 15:15:10,475 - my_web_logger - INFO - Element found: ('name', 'username')
2025-12-10 15:15:10,681 - my_web_logger - INFO - Input text: '' into element: ('name', 'username')
2025-12-10 15:15:10,737 - my_web_logger - INFO - Element found: ('name', 'password')
2025-12-10 15:15:10,859 - my_web_logger - INFO - Input text: '111111' into element: ('name', 'password')
2025-12-10 15:15:10,900 - my_web_logger - INFO - Element found: ('id', 'remember')
2025-12-10 15:15:10,980 - my_web_logger - INFO - Clicked element: ('id', 'remember')
2025-12-10 15:15:10,997 - my_web_logger - INFO - Element found: ('name', 'submit')
2025-12-10 15:15:11,111 - my_web_logger - INFO - Clicked element: ('name', 'submit')
2025-12-10 15:15:18,489 - my_web_logger - INFO - Opened page: http://192.168.227.129/ecshop/user.php
2025-12-10 15:15:18,546 - my_web_logger - INFO - Element found: ('name', 'username')
2025-12-10 15:15:18,830 - my_web_logger - INFO - Input text: 'zhangtiedan' into element: ('name', 'username')
2025-12-10 15:15:18,850 - my_web_logger - INFO - Element found: ('name', 'password')
2025-12-10 15:15:18,953 - my_web_logger - INFO - Input text: '' into element: ('name', 'password')
2025-12-10 15:15:18,969 - my_web_logger - INFO - Element found: ('id', 'remember')
2025-12-10 15:15:19,070 - my_web_logger - INFO - Clicked element: ('id', 'remember')
2025-12-10 15:15:19,085 - my_web_logger - INFO - Element found: ('name', 'submit')
2025-12-10 15:15:19,184 - my_web_logger - INFO - Clicked element: ('name', 'submit')
2025-12-10 15:15:26,070 - my_web_logger - INFO - Opened page: http://192.168.227.129/ecshop/user.php
2025-12-10 15:15:26,111 - my_web_logger - INFO - Element found: ('name', 'username')
2025-12-10 15:15:26,433 - my_web_logger - INFO - Input text: 'zhangtiedan' into element: ('name', 'username')
2025-12-10 15:15:26,451 - my_web_logger - INFO - Element found: ('name', 'password')
2025-12-10 15:15:26,580 - my_web_logger - INFO - Input text: '234423' into element: ('name', 'password')
2025-12-10 15:15:26,613 - my_web_logger - INFO - Element found: ('id', 'remember')
2025-12-10 15:15:26,709 - my_web_logger - INFO - Clicked element: ('id', 'remember')
2025-12-10 15:15:26,743 - my_web_logger - INFO - Element found: ('name', 'submit')
2025-12-10 15:15:27,133 - my_web_logger - INFO - Clicked element: ('name', 'submit')
2025-12-10 15:15:30,883 - my_web_logger - INFO - Screenshot saved as: E:\pycharmworkspace\auto_web_20251210\pictures\LoginPage20251210151529.png
2025-12-10 16:04:55,575 - my_web_logger - INFO - Opened page: http://192.168.227.129/ecshop/user.php
2025-12-10 16:04:55,615 - my_web_logger - INFO - Element found: ('name', 'username')
2025-12-10 16:04:55,960 - my_web_logger - INFO - Input text: 'zhangtiedan' into element: ('name', 'username')
2025-12-10 16:04:55,975 - my_web_logger - INFO - Element found: ('name', 'password')
2025-12-10 16:04:56,089 - my_web_logger - INFO - Input text: '111111' into element: ('name', 'password')
2025-12-10 16:04:56,107 - my_web_logger - INFO - Element found: ('id', 'remember')
2025-12-10 16:04:56,188 - my_web_logger - INFO - Clicked element: ('id', 'remember')
2025-12-10 16:04:56,204 - my_web_logger - INFO - Element found: ('name', 'submit')
2025-12-10 16:04:56,423 - my_web_logger - INFO - Clicked element: ('name', 'submit')
2025-12-10 16:04:56,887 - my_web_logger - INFO - Screenshot saved as: E:\pycharmworkspace\auto_web_20251210\pictures\LoginPage20251210160456.png
2025-12-10 16:05:03,915 - my_web_logger - INFO - Opened page: http://192.168.227.129/ecshop/user.php
2025-12-10 16:05:03,965 - my_web_logger - INFO - Element found: ('name', 'username')
2025-12-10 16:05:04,266 - my_web_logger - INFO - Input text: '' into element: ('name', 'username')
2025-12-10 16:05:04,287 - my_web_logger - INFO - Element found: ('name', 'password')
2025-12-10 16:05:04,406 - my_web_logger - INFO - Input text: '111111' into element: ('name', 'password')
2025-12-10 16:05:04,438 - my_web_logger - INFO - Element found: ('id', 'remember')
2025-12-10 16:05:04,561 - my_web_logger - INFO - Clicked element: ('id', 'remember')
2025-12-10 16:05:04,583 - my_web_logger - INFO - Element found: ('name', 'submit')
2025-12-10 16:05:04,694 - my_web_logger - INFO - Clicked element: ('name', 'submit')
2025-12-10 16:05:04,701 - my_web_logger - INFO - Alert accepted
2025-12-10 16:05:05,111 - my_web_logger - INFO - Screenshot saved as: E:\pycharmworkspace\auto_web_20251210\pictures\LoginPage20251210160504.png
2025-12-10 16:05:12,828 - my_web_logger - INFO - Opened page: http://192.168.227.129/ecshop/user.php
2025-12-10 16:05:12,889 - my_web_logger - INFO - Element found: ('name', 'username')
2025-12-10 16:05:13,132 - my_web_logger - INFO - Input text: 'zhangtiedan' into element: ('name', 'username')
2025-12-10 16:05:13,157 - my_web_logger - INFO - Element found: ('name', 'password')
2025-12-10 16:05:13,306 - my_web_logger - INFO - Input text: '' into element: ('name', 'password')
2025-12-10 16:05:13,322 - my_web_logger - INFO - Element found: ('id', 'remember')
2025-12-10 16:05:13,496 - my_web_logger - INFO - Clicked element: ('id', 'remember')
2025-12-10 16:05:13,509 - my_web_logger - INFO - Element found: ('name', 'submit')
2025-12-10 16:05:13,883 - my_web_logger - INFO - Clicked element: ('name', 'submit')
2025-12-10 16:05:13,908 - my_web_logger - INFO - Alert accepted
2025-12-10 16:05:14,419 - my_web_logger - INFO - Screenshot saved as: E:\pycharmworkspace\auto_web_20251210\pictures\LoginPage20251210160513.png
2025-12-10 16:05:21,162 - my_web_logger - INFO - Opened page: http://192.168.227.129/ecshop/user.php
2025-12-10 16:05:21,213 - my_web_logger - INFO - Element found: ('name', 'username')
2025-12-10 16:05:21,668 - my_web_logger - INFO - Input text: 'zhangtiedan' into element: ('name', 'username')
2025-12-10 16:05:21,696 - my_web_logger - INFO - Element found: ('name', 'password')
2025-12-10 16:05:21,966 - my_web_logger - INFO - Input text: '234423' into element: ('name', 'password')
2025-12-10 16:05:21,994 - my_web_logger - INFO - Element found: ('id', 'remember')
2025-12-10 16:05:22,112 - my_web_logger - INFO - Clicked element: ('id', 'remember')
2025-12-10 16:05:22,128 - my_web_logger - INFO - Element found: ('name', 'submit')
2025-12-10 16:05:22,235 - my_web_logger - INFO - Clicked element: ('name', 'submit')
2025-12-10 16:05:22,707 - my_web_logger - INFO - Screenshot saved as: E:\pycharmworkspace\auto_web_20251210\pictures\LoginPage20251210160522.png
2025-12-10 17:00:52,898 - my_web_logger - INFO - Opened page: http://192.168.227.129/ecshop/user.php
2025-12-10 17:00:52,966 - my_web_logger - INFO - Element found: ('name', 'username')
2025-12-10 17:00:53,346 - my_web_logger - INFO - Input text: 'zhangtiedan' into element: ('name', 'username')
2025-12-10 17:00:53,364 - my_web_logger - INFO - Element found: ('name', 'password')
2025-12-10 17:00:53,526 - my_web_logger - INFO - Input text: '111111' into element: ('name', 'password')
2025-12-10 17:00:53,555 - my_web_logger - INFO - Element found: ('id', 'remember')
2025-12-10 17:00:53,674 - my_web_logger - INFO - Clicked element: ('id', 'remember')
2025-12-10 17:00:53,695 - my_web_logger - INFO - Element found: ('name', 'submit')
2025-12-10 17:00:54,249 - my_web_logger - INFO - Clicked element: ('name', 'submit')
2025-12-10 17:00:55,886 - my_web_logger - INFO - Screenshot saved as: E:\pycharmworkspace\auto_web_20251210\pictures\LoginPage20251210170055.png
2025-12-10 17:01:06,588 - my_web_logger - INFO - Opened page: http://192.168.227.129/ecshop/user.php
2025-12-10 17:01:06,628 - my_web_logger - INFO - Element found: ('name', 'username')
2025-12-10 17:01:06,976 - my_web_logger - INFO - Input text: '' into element: ('name', 'username')
2025-12-10 17:01:07,027 - my_web_logger - INFO - Element found: ('name', 'password')
2025-12-10 17:01:07,185 - my_web_logger - INFO - Input text: '111111' into element: ('name', 'password')
2025-12-10 17:01:07,202 - my_web_logger - INFO - Element found: ('id', 'remember')
2025-12-10 17:01:07,330 - my_web_logger - INFO - Clicked element: ('id', 'remember')
2025-12-10 17:01:07,350 - my_web_logger - INFO - Element found: ('name', 'submit')
2025-12-10 17:01:07,482 - my_web_logger - INFO - Clicked element: ('name', 'submit')
2025-12-10 17:01:16,597 - my_web_logger - INFO - Opened page: http://192.168.227.129/ecshop/user.php
2025-12-10 17:01:16,656 - my_web_logger - INFO - Element found: ('name', 'username')
2025-12-10 17:01:17,438 - my_web_logger - INFO - Input text: 'zhangtiedan' into element: ('name', 'username')
2025-12-10 17:01:17,499 - my_web_logger - INFO - Element found: ('name', 'password')
2025-12-10 17:01:18,096 - my_web_logger - INFO - Input text: '' into element: ('name', 'password')
2025-12-10 17:01:18,136 - my_web_logger - INFO - Element found: ('id', 'remember')
2025-12-10 17:01:18,436 - my_web_logger - INFO - Clicked element: ('id', 'remember')
2025-12-10 17:01:18,484 - my_web_logger - INFO - Element found: ('name', 'submit')
2025-12-10 17:01:18,774 - my_web_logger - INFO - Clicked element: ('name', 'submit')
2025-12-10 17:01:27,135 - my_web_logger - INFO - Opened page: http://192.168.227.129/ecshop/user.php
2025-12-10 17:01:27,225 - my_web_logger - INFO - Element found: ('name', 'username')
2025-12-10 17:01:27,634 - my_web_logger - INFO - Input text: 'zhangtiedan' into element: ('name', 'username')
2025-12-10 17:01:27,655 - my_web_logger - INFO - Element found: ('name', 'password')
2025-12-10 17:01:27,874 - my_web_logger - INFO - Input text: '234234234' into element: ('name', 'password')
2025-12-10 17:01:27,936 - my_web_logger - INFO - Element found: ('id', 'remember')
2025-12-10 17:01:28,045 - my_web_logger - INFO - Clicked element: ('id', 'remember')
2025-12-10 17:01:28,074 - my_web_logger - INFO - Element found: ('name', 'submit')
2025-12-10 17:01:28,379 - my_web_logger - INFO - Clicked element: ('name', 'submit')
2025-12-10 17:01:29,752 - my_web_logger - INFO - Screenshot saved as: E:\pycharmworkspace\auto_web_20251210\pictures\LoginPage20251210170129.png
2025-12-10 17:03:12,915 - my_web_logger - INFO - Opened page: http://192.168.227.129/ecshop/user.php
2025-12-10 17:03:14,152 - my_web_logger - INFO - Screenshot saved as: E:\pycharmworkspace\auto_web_20251210\pictures\LoginPage20251210170313.png
2025-12-10 17:03:22,963 - my_web_logger - INFO - Opened page: http://192.168.227.129/ecshop/user.php
2025-12-10 17:03:23,015 - my_web_logger - INFO - Element found: ('name', 'username')
2025-12-10 17:03:23,307 - my_web_logger - INFO - Input text: '' into element: ('name', 'username')
2025-12-10 17:03:23,331 - my_web_logger - INFO - Element found: ('name', 'password')
2025-12-10 17:03:23,535 - my_web_logger - INFO - Input text: '111111' into element: ('name', 'password')
2025-12-10 17:03:23,576 - my_web_logger - INFO - Element found: ('id', 'remember')
2025-12-10 17:03:23,752 - my_web_logger - INFO - Clicked element: ('id', 'remember')
2025-12-10 17:03:23,777 - my_web_logger - INFO - Element found: ('name', 'submit')
2025-12-10 17:03:23,939 - my_web_logger - INFO - Clicked element: ('name', 'submit')
2025-12-10 17:03:23,949 - my_web_logger - INFO - Alert accepted
2025-12-10 17:03:25,198 - my_web_logger - INFO - Screenshot saved as: E:\pycharmworkspace\auto_web_20251210\pictures\LoginPage20251210170324.png
2025-12-10 17:03:34,366 - my_web_logger - INFO - Opened page: http://192.168.227.129/ecshop/user.php
2025-12-10 17:03:34,405 - my_web_logger - INFO - Element found: ('name', 'username')
2025-12-10 17:03:34,750 - my_web_logger - INFO - Input text: 'zhangtiedan' into element: ('name', 'username')
2025-12-10 17:03:34,771 - my_web_logger - INFO - Element found: ('name', 'password')
2025-12-10 17:03:34,891 - my_web_logger - INFO - Input text: '' into element: ('name', 'password')
2025-12-10 17:03:34,934 - my_web_logger - INFO - Element found: ('id', 'remember')
2025-12-10 17:03:35,044 - my_web_logger - INFO - Clicked element: ('id', 'remember')
2025-12-10 17:03:35,095 - my_web_logger - INFO - Element found: ('name', 'submit')
2025-12-10 17:03:35,232 - my_web_logger - INFO - Clicked element: ('name', 'submit')
2025-12-10 17:03:35,251 - my_web_logger - INFO - Alert accepted
2025-12-10 17:03:36,536 - my_web_logger - INFO - Screenshot saved as: E:\pycharmworkspace\auto_web_20251210\pictures\LoginPage20251210170336.png
2025-12-10 17:03:45,756 - my_web_logger - INFO - Opened page: http://192.168.227.129/ecshop/user.php
2025-12-10 17:03:46,966 - my_web_logger - INFO - Screenshot saved as: E:\pycharmworkspace\auto_web_20251210\pictures\LoginPage20251210170346.png
2025-12-10 17:05:02,944 - my_web_logger - INFO - Opened page: http://192.168.227.129/ecshop/user.php
2025-12-10 17:05:02,997 - my_web_logger - INFO - Element found: ('name', 'username')
2025-12-10 17:05:03,455 - my_web_logger - INFO - Input text: 'zhangtiedan' into element: ('name', 'username')
2025-12-10 17:05:03,478 - my_web_logger - INFO - Element found: ('name', 'password')
2025-12-10 17:05:03,651 - my_web_logger - INFO - Input text: '111111' into element: ('name', 'password')
2025-12-10 17:05:03,697 - my_web_logger - INFO - Element found: ('id', 'remember')
2025-12-10 17:05:03,820 - my_web_logger - INFO - Clicked element: ('id', 'remember')
2025-12-10 17:05:03,852 - my_web_logger - INFO - Element found: ('name', 'submit')
2025-12-10 17:05:04,295 - my_web_logger - INFO - Clicked element: ('name', 'submit')
2025-12-10 17:05:06,043 - my_web_logger - INFO - Screenshot saved as: E:\pycharmworkspace\auto_web_20251210\pictures\LoginPage20251210170505.png
2025-12-10 17:05:14,230 - my_web_logger - INFO - Opened page: http://192.168.227.129/ecshop/user.php
2025-12-10 17:05:14,330 - my_web_logger - INFO - Element found: ('name', 'username')
2025-12-10 17:05:14,625 - my_web_logger - INFO - Input text: '' into element: ('name', 'username')
2025-12-10 17:05:14,641 - my_web_logger - INFO - Element found: ('name', 'password')
2025-12-10 17:05:14,791 - my_web_logger - INFO - Input text: '111111' into element: ('name', 'password')
2025-12-10 17:05:14,810 - my_web_logger - INFO - Element found: ('id', 'remember')
2025-12-10 17:05:14,941 - my_web_logger - INFO - Clicked element: ('id', 'remember')
2025-12-10 17:05:14,967 - my_web_logger - INFO - Element found: ('name', 'submit')
2025-12-10 17:05:15,107 - my_web_logger - INFO - Clicked element: ('name', 'submit')
2025-12-10 17:05:15,114 - my_web_logger - INFO - Alert accepted
2025-12-10 17:05:16,385 - my_web_logger - INFO - Screenshot saved as: E:\pycharmworkspace\auto_web_20251210\pictures\LoginPage20251210170516.png
2025-12-10 17:05:23,401 - my_web_logger - INFO - Opened page: http://192.168.227.129/ecshop/user.php
2025-12-10 17:05:23,433 - my_web_logger - INFO - Element found: ('name', 'username')
2025-12-10 17:05:23,687 - my_web_logger - INFO - Input text: 'zhangtiedan' into element: ('name', 'username')
2025-12-10 17:05:23,747 - my_web_logger - INFO - Element found: ('name', 'password')
2025-12-10 17:05:23,984 - my_web_logger - INFO - Input text: '' into element: ('name', 'password')
2025-12-10 17:05:24,006 - my_web_logger - INFO - Element found: ('id', 'remember')
2025-12-10 17:05:24,132 - my_web_logger - INFO - Clicked element: ('id', 'remember')
2025-12-10 17:05:24,165 - my_web_logger - INFO - Element found: ('name', 'submit')
2025-12-10 17:05:24,307 - my_web_logger - INFO - Clicked element: ('name', 'submit')
2025-12-10 17:05:24,314 - my_web_logger - INFO - Alert accepted
2025-12-10 17:05:25,691 - my_web_logger - INFO - Screenshot saved as: E:\pycharmworkspace\auto_web_20251210\pictures\LoginPage20251210170525.png
2025-12-10 17:05:34,721 - my_web_logger - INFO - Opened page: http://192.168.227.129/ecshop/user.php
2025-12-10 17:05:34,824 - my_web_logger - INFO - Element found: ('name', 'username')
2025-12-10 17:05:35,221 - my_web_logger - INFO - Input text: 'zhangtiedan' into element: ('name', 'username')
2025-12-10 17:05:35,255 - my_web_logger - INFO - Element found: ('name', 'password')
2025-12-10 17:05:35,435 - my_web_logger - INFO - Input text: '234234234' into element: ('name', 'password')
2025-12-10 17:05:35,465 - my_web_logger - INFO - Element found: ('id', 'remember')
2025-12-10 17:05:35,572 - my_web_logger - INFO - Clicked element: ('id', 'remember')
2025-12-10 17:05:35,615 - my_web_logger - INFO - Element found: ('name', 'submit')
2025-12-10 17:05:36,099 - my_web_logger - INFO - Clicked element: ('name', 'submit')
2025-12-10 17:05:37,426 - my_web_logger - INFO - Screenshot saved as: E:\pycharmworkspace\auto_web_20251210\pictures\LoginPage20251210170537.png
2025-12-10 17:14:32,234 - my_web_logger - INFO - Opened page: http://192.168.227.129/ecshop/user.php
2025-12-10 17:14:32,297 - my_web_logger - INFO - Element found: ('name', 'username')
2025-12-10 17:14:32,705 - my_web_logger - INFO - Input text: 'zhangtiedan' into element: ('name', 'username')
2025-12-10 17:14:32,746 - my_web_logger - INFO - Element found: ('name', 'password')
2025-12-10 17:14:32,987 - my_web_logger - INFO - Input text: '111111' into element: ('name', 'password')
2025-12-10 17:14:33,008 - my_web_logger - INFO - Element found: ('id', 'remember')
2025-12-10 17:14:33,237 - my_web_logger - INFO - Clicked element: ('id', 'remember')
2025-12-10 17:14:33,313 - my_web_logger - INFO - Element found: ('name', 'submit')
2025-12-10 17:14:33,832 - my_web_logger - INFO - Clicked element: ('name', 'submit')
2025-12-10 17:14:35,161 - my_web_logger - INFO - Screenshot saved as: E:\pycharmworkspace\auto_web_20251210\pictures\LoginPage20251210171434.png
2025-12-10 17:14:43,707 - my_web_logger - INFO - Opened page: http://192.168.227.129/ecshop/user.php
2025-12-10 17:14:43,741 - my_web_logger - INFO - Element found: ('name', 'username')
2025-12-10 17:14:44,050 - my_web_logger - INFO - Input text: '' into element: ('name', 'username')
2025-12-10 17:14:44,085 - my_web_logger - INFO - Element found: ('name', 'password')
2025-12-10 17:14:44,303 - my_web_logger - INFO - Input text: '111111' into element: ('name', 'password')
2025-12-10 17:14:44,322 - my_web_logger - INFO - Element found: ('id', 'remember')
2025-12-10 17:14:44,450 - my_web_logger - INFO - Clicked element: ('id', 'remember')
2025-12-10 17:14:44,468 - my_web_logger - INFO - Element found: ('name', 'submit')
2025-12-10 17:14:44,610 - my_web_logger - INFO - Clicked element: ('name', 'submit')
2025-12-10 17:14:53,054 - my_web_logger - INFO - Opened page: http://192.168.227.129/ecshop/user.php
2025-12-10 17:14:53,172 - my_web_logger - INFO - Element found: ('name', 'username')
2025-12-10 17:14:53,789 - my_web_logger - INFO - Input text: 'zhangtiedan' into element: ('name', 'username')
2025-12-10 17:14:53,852 - my_web_logger - INFO - Element found: ('name', 'password')
2025-12-10 17:14:54,035 - my_web_logger - INFO - Input text: '' into element: ('name', 'password')
2025-12-10 17:14:54,076 - my_web_logger - INFO - Element found: ('id', 'remember')
2025-12-10 17:14:54,232 - my_web_logger - INFO - Clicked element: ('id', 'remember')
2025-12-10 17:14:54,282 - my_web_logger - INFO - Element found: ('name', 'submit')
2025-12-10 17:14:54,427 - my_web_logger - INFO - Clicked element: ('name', 'submit')
2025-12-10 17:15:01,426 - my_web_logger - INFO - Opened page: http://192.168.227.129/ecshop/user.php
2025-12-10 17:15:01,464 - my_web_logger - INFO - Element found: ('name', 'username')
2025-12-10 17:15:01,933 - my_web_logger - INFO - Input text: 'zhangtiedan' into element: ('name', 'username')
2025-12-10 17:15:01,984 - my_web_logger - INFO - Element found: ('name', 'password')
2025-12-10 17:15:02,231 - my_web_logger - INFO - Input text: '234234234' into element: ('name', 'password')
2025-12-10 17:15:02,254 - my_web_logger - INFO - Element found: ('id', 'remember')
2025-12-10 17:15:02,354 - my_web_logger - INFO - Clicked element: ('id', 'remember')
2025-12-10 17:15:02,381 - my_web_logger - INFO - Element found: ('name', 'submit')
2025-12-10 17:15:02,644 - my_web_logger - INFO - Clicked element: ('name', 'submit')
2025-12-10 17:15:03,942 - my_web_logger - INFO - Screenshot saved as: E:\pycharmworkspace\auto_web_20251210\pictures\LoginPage20251210171503.png
