2025-12-11 09:31:26,288 - my_web_logger - INFO - Opened page: http://192.168.227.129/ecshop/user.php
2025-12-11 09:31:26,337 - my_web_logger - INFO - Element found: ('name', 'username')
2025-12-11 09:31:26,601 - my_web_logger - INFO - Input text: 'zhangtiedan' into element: ('name', 'username')
2025-12-11 09:31:26,633 - my_web_logger - INFO - Element found: ('name', 'password')
2025-12-11 09:31:26,798 - my_web_logger - INFO - Input text: '111111' into element: ('name', 'password')
2025-12-11 09:31:26,820 - my_web_logger - INFO - Element found: ('id', 'remember')
2025-12-11 09:31:26,909 - my_web_logger - INFO - Clicked element: ('id', 'remember')
2025-12-11 09:31:26,922 - my_web_logger - INFO - Element found: ('name', 'submit')
2025-12-11 09:31:27,116 - my_web_logger - INFO - Clicked element: ('name', 'submit')
2025-12-11 09:31:27,220 - my_web_logger - INFO - Element found: ('xpath', '//*[@id="ECS_MEMBERZONE"]/a[1]')
2025-12-11 09:31:27,327 - my_web_logger - INFO - Got text: 'zhangtiedan' from element: ('xpath', '//*[@id="ECS_MEMBERZONE"]/a[1]')
2025-12-11 09:31:28,546 - my_web_logger - INFO - Screenshot saved as: E:\pycharmworkspace\auto_web_20251210\pictures\LoginPage20251211093128.png
2025-12-11 09:31:36,381 - my_web_logger - INFO - Opened page: http://192.168.227.129/ecshop/user.php
2025-12-11 09:31:36,440 - my_web_logger - INFO - Element found: ('name', 'username')
2025-12-11 09:31:36,814 - my_web_logger - INFO - Input text: '' into element: ('name', 'username')
2025-12-11 09:31:36,835 - my_web_logger - INFO - Element found: ('name', 'password')
2025-12-11 09:31:37,007 - my_web_logger - INFO - Input text: '111111' into element: ('name', 'password')
2025-12-11 09:31:37,028 - my_web_logger - INFO - Element found: ('id', 'remember')
2025-12-11 09:31:37,153 - my_web_logger - INFO - Clicked element: ('id', 'remember')
2025-12-11 09:31:37,175 - my_web_logger - INFO - Element found: ('name', 'submit')
2025-12-11 09:31:37,281 - my_web_logger - INFO - Clicked element: ('name', 'submit')
2025-12-11 09:31:40,009 - my_web_logger - INFO - Screenshot saved as: E:\pycharmworkspace\auto_web_20251210\pictures\LoginPage20251211093139.png
2025-12-11 09:31:47,464 - my_web_logger - INFO - Opened page: http://192.168.227.129/ecshop/user.php
2025-12-11 09:31:47,497 - my_web_logger - INFO - Element found: ('name', 'username')
2025-12-11 09:31:47,831 - my_web_logger - INFO - Input text: 'zhangtiedan' into element: ('name', 'username')
2025-12-11 09:31:47,849 - my_web_logger - INFO - Element found: ('name', 'password')
2025-12-11 09:31:48,049 - my_web_logger - INFO - Input text: '' into element: ('name', 'password')
2025-12-11 09:31:48,078 - my_web_logger - INFO - Element found: ('id', 'remember')
2025-12-11 09:31:48,169 - my_web_logger - INFO - Clicked element: ('id', 'remember')
2025-12-11 09:31:48,187 - my_web_logger - INFO - Element found: ('name', 'submit')
2025-12-11 09:31:48,287 - my_web_logger - INFO - Clicked element: ('name', 'submit')
2025-12-11 09:31:50,006 - my_web_logger - INFO - Screenshot saved as: E:\pycharmworkspace\auto_web_20251210\pictures\LoginPage20251211093149.png
2025-12-11 09:31:58,341 - my_web_logger - INFO - Opened page: http://192.168.227.129/ecshop/user.php
2025-12-11 09:31:58,400 - my_web_logger - INFO - Element found: ('name', 'username')
2025-12-11 09:31:58,634 - my_web_logger - INFO - Input text: 'zhangtiedan' into element: ('name', 'username')
2025-12-11 09:31:58,656 - my_web_logger - INFO - Element found: ('name', 'password')
2025-12-11 09:31:58,777 - my_web_logger - INFO - Input text: '234234234' into element: ('name', 'password')
2025-12-11 09:31:58,808 - my_web_logger - INFO - Element found: ('id', 'remember')
2025-12-11 09:31:58,911 - my_web_logger - INFO - Clicked element: ('id', 'remember')
2025-12-11 09:31:58,928 - my_web_logger - INFO - Element found: ('name', 'submit')
2025-12-11 09:31:59,168 - my_web_logger - INFO - Clicked element: ('name', 'submit')
2025-12-11 09:31:59,473 - my_web_logger - INFO - Element found: ('xpath', '//*[@id="ECS_MEMBERZONE"]/a[1]')
2025-12-11 09:31:59,555 - my_web_logger - INFO - Got text: '登录' from element: ('xpath', '//*[@id="ECS_MEMBERZONE"]/a[1]')
2025-12-11 09:32:00,903 - my_web_logger - INFO - Screenshot saved as: E:\pycharmworkspace\auto_web_20251210\pictures\LoginPage20251211093200.png
2025-12-11 09:35:36,443 - my_web_logger - INFO - Opened page: http://192.168.227.129/ecshop/user.php
2025-12-11 09:35:36,523 - my_web_logger - INFO - Element found: ('name', 'username')
2025-12-11 09:35:36,760 - my_web_logger - INFO - Input text: 'zhangtiedan' into element: ('name', 'username')
2025-12-11 09:35:36,774 - my_web_logger - INFO - Element found: ('name', 'password')
2025-12-11 09:35:36,905 - my_web_logger - INFO - Input text: '111111' into element: ('name', 'password')
2025-12-11 09:35:36,917 - my_web_logger - INFO - Element found: ('id', 'remember')
2025-12-11 09:35:36,999 - my_web_logger - INFO - Clicked element: ('id', 'remember')
2025-12-11 09:35:37,011 - my_web_logger - INFO - Element found: ('name', 'submit')
2025-12-11 09:35:37,238 - my_web_logger - INFO - Clicked element: ('name', 'submit')
2025-12-11 09:35:37,598 - my_web_logger - INFO - Screenshot saved as: E:\pycharmworkspace\auto_web_20251210\pictures\LoginPage20251211093537.png
2025-12-11 09:35:37,621 - my_web_logger - INFO - Element found: ('xpath', '//*[@id="ECS_MEMBERZONE"]/a[1]')
2025-12-11 09:35:37,653 - my_web_logger - INFO - Got text: 'zhangtiedan' from element: ('xpath', '//*[@id="ECS_MEMBERZONE"]/a[1]')
2025-12-11 09:35:47,344 - my_web_logger - INFO - Opened page: http://192.168.227.129/ecshop/user.php
2025-12-11 09:35:47,392 - my_web_logger - INFO - Element found: ('name', 'username')
2025-12-11 09:35:47,644 - my_web_logger - INFO - Input text: '' into element: ('name', 'username')
2025-12-11 09:35:47,671 - my_web_logger - INFO - Element found: ('name', 'password')
2025-12-11 09:35:47,813 - my_web_logger - INFO - Input text: '111111' into element: ('name', 'password')
2025-12-11 09:35:47,863 - my_web_logger - INFO - Element found: ('id', 'remember')
2025-12-11 09:35:47,970 - my_web_logger - INFO - Clicked element: ('id', 'remember')
2025-12-11 09:35:47,987 - my_web_logger - INFO - Element found: ('name', 'submit')
2025-12-11 09:35:48,083 - my_web_logger - INFO - Clicked element: ('name', 'submit')
2025-12-11 09:35:56,859 - my_web_logger - INFO - Opened page: http://192.168.227.129/ecshop/user.php
2025-12-11 09:35:56,949 - my_web_logger - INFO - Element found: ('name', 'username')
2025-12-11 09:35:57,314 - my_web_logger - INFO - Input text: 'zhangtiedan' into element: ('name', 'username')
2025-12-11 09:35:57,365 - my_web_logger - INFO - Element found: ('name', 'password')
2025-12-11 09:35:57,639 - my_web_logger - INFO - Input text: '' into element: ('name', 'password')
2025-12-11 09:35:57,689 - my_web_logger - INFO - Element found: ('id', 'remember')
2025-12-11 09:35:57,766 - my_web_logger - INFO - Clicked element: ('id', 'remember')
2025-12-11 09:35:57,786 - my_web_logger - INFO - Element found: ('name', 'submit')
2025-12-11 09:35:57,908 - my_web_logger - INFO - Clicked element: ('name', 'submit')
2025-12-11 09:36:06,387 - my_web_logger - INFO - Opened page: http://192.168.227.129/ecshop/user.php
2025-12-11 09:36:06,425 - my_web_logger - INFO - Element found: ('name', 'username')
2025-12-11 09:36:06,893 - my_web_logger - INFO - Input text: 'zhangtiedan' into element: ('name', 'username')
2025-12-11 09:36:06,943 - my_web_logger - INFO - Element found: ('name', 'password')
2025-12-11 09:36:07,092 - my_web_logger - INFO - Input text: '234234234' into element: ('name', 'password')
2025-12-11 09:36:07,107 - my_web_logger - INFO - Element found: ('id', 'remember')
2025-12-11 09:36:07,212 - my_web_logger - INFO - Clicked element: ('id', 'remember')
2025-12-11 09:36:07,227 - my_web_logger - INFO - Element found: ('name', 'submit')
2025-12-11 09:36:07,597 - my_web_logger - INFO - Clicked element: ('name', 'submit')
2025-12-11 09:36:07,936 - my_web_logger - INFO - Screenshot saved as: E:\pycharmworkspace\auto_web_20251210\pictures\LoginPage20251211093607.png
2025-12-11 09:36:07,963 - my_web_logger - INFO - Element found: ('xpath', '//*[@id="ECS_MEMBERZONE"]/a[1]')
2025-12-11 09:36:07,979 - my_web_logger - INFO - Got text: '登录' from element: ('xpath', '//*[@id="ECS_MEMBERZONE"]/a[1]')
2025-12-11 09:39:20,035 - my_web_logger - INFO - Opened page: http://192.168.227.129/ecshop/user.php
2025-12-11 09:39:20,096 - my_web_logger - INFO - Element found: ('name', 'username')
2025-12-11 09:39:20,369 - my_web_logger - INFO - Input text: 'zhangtiedan' into element: ('name', 'username')
2025-12-11 09:39:20,389 - my_web_logger - INFO - Element found: ('name', 'password')
2025-12-11 09:39:20,550 - my_web_logger - INFO - Input text: '111111' into element: ('name', 'password')
2025-12-11 09:39:20,618 - my_web_logger - INFO - Element found: ('id', 'remember')
2025-12-11 09:39:20,776 - my_web_logger - INFO - Clicked element: ('id', 'remember')
2025-12-11 09:39:20,831 - my_web_logger - INFO - Element found: ('name', 'submit')
2025-12-11 09:39:20,953 - my_web_logger - INFO - Clicked element: ('name', 'submit')
2025-12-11 09:39:30,435 - my_web_logger - INFO - Screenshot saved as: E:\pycharmworkspace\auto_web_20251210\pictures\LoginPage20251211093930.png
2025-12-11 09:39:35,536 - my_web_logger - INFO - Element found: ('xpath', '//*[@id="ECS_MEMBERZONE"]/a[1]')
2025-12-11 09:39:35,588 - my_web_logger - INFO - Got text: 'zhangtiedan' from element: ('xpath', '//*[@id="ECS_MEMBERZONE"]/a[1]')
2025-12-11 09:39:58,174 - my_web_logger - INFO - Opened page: http://192.168.227.129/ecshop/user.php
2025-12-11 09:39:58,240 - my_web_logger - INFO - Element found: ('name', 'username')
2025-12-11 09:39:58,495 - my_web_logger - INFO - Input text: '' into element: ('name', 'username')
2025-12-11 09:39:58,541 - my_web_logger - INFO - Element found: ('name', 'password')
2025-12-11 09:39:58,711 - my_web_logger - INFO - Input text: '111111' into element: ('name', 'password')
2025-12-11 09:39:58,755 - my_web_logger - INFO - Element found: ('id', 'remember')
2025-12-11 09:39:58,870 - my_web_logger - INFO - Clicked element: ('id', 'remember')
2025-12-11 09:39:58,910 - my_web_logger - INFO - Element found: ('name', 'submit')
2025-12-11 09:39:59,049 - my_web_logger - INFO - Clicked element: ('name', 'submit')
2025-12-11 09:40:40,168 - my_web_logger - INFO - Opened page: http://192.168.227.129/ecshop/user.php
2025-12-11 09:40:40,329 - my_web_logger - INFO - Element found: ('name', 'username')
2025-12-11 09:40:40,657 - my_web_logger - INFO - Input text: 'zhangtiedan' into element: ('name', 'username')
2025-12-11 09:40:40,700 - my_web_logger - INFO - Element found: ('name', 'password')
2025-12-11 09:40:40,836 - my_web_logger - INFO - Input text: '' into element: ('name', 'password')
2025-12-11 09:40:40,873 - my_web_logger - INFO - Element found: ('id', 'remember')
2025-12-11 09:40:40,994 - my_web_logger - INFO - Clicked element: ('id', 'remember')
2025-12-11 09:40:41,040 - my_web_logger - INFO - Element found: ('name', 'submit')
2025-12-11 09:40:41,168 - my_web_logger - INFO - Clicked element: ('name', 'submit')
2025-12-11 09:41:46,284 - my_web_logger - INFO - Opened page: http://192.168.227.129/ecshop/user.php
2025-12-11 09:41:46,416 - my_web_logger - INFO - Element found: ('name', 'username')
2025-12-11 09:41:46,703 - my_web_logger - INFO - Input text: 'zhangtiedan' into element: ('name', 'username')
2025-12-11 09:41:46,744 - my_web_logger - INFO - Element found: ('name', 'password')
2025-12-11 09:41:46,959 - my_web_logger - INFO - Input text: '234234234' into element: ('name', 'password')
2025-12-11 09:41:47,001 - my_web_logger - INFO - Element found: ('id', 'remember')
2025-12-11 09:41:47,138 - my_web_logger - INFO - Clicked element: ('id', 'remember')
2025-12-11 09:41:47,187 - my_web_logger - INFO - Element found: ('name', 'submit')
2025-12-11 09:41:47,301 - my_web_logger - INFO - Clicked element: ('name', 'submit')
2025-12-11 09:41:49,769 - my_web_logger - INFO - Screenshot saved as: E:\pycharmworkspace\auto_web_20251210\pictures\LoginPage20251211094149.png
2025-12-11 09:41:49,815 - my_web_logger - INFO - Element found: ('xpath', '//*[@id="ECS_MEMBERZONE"]/a[1]')
2025-12-11 09:41:49,849 - my_web_logger - INFO - Got text: '登录' from element: ('xpath', '//*[@id="ECS_MEMBERZONE"]/a[1]')
2025-12-11 09:45:24,099 - my_web_logger - INFO - Opened page: http://192.168.227.129/ecshop/user.php
2025-12-11 09:45:24,137 - my_web_logger - INFO - Element found: ('name', 'username')
2025-12-11 09:45:24,369 - my_web_logger - INFO - Input text: 'zhangtiedan' into element: ('name', 'username')
2025-12-11 09:45:24,408 - my_web_logger - INFO - Element found: ('name', 'password')
2025-12-11 09:45:24,536 - my_web_logger - INFO - Input text: '111111' into element: ('name', 'password')
2025-12-11 09:45:24,551 - my_web_logger - INFO - Element found: ('id', 'remember')
2025-12-11 09:45:24,642 - my_web_logger - INFO - Clicked element: ('id', 'remember')
2025-12-11 09:45:24,655 - my_web_logger - INFO - Element found: ('name', 'submit')
2025-12-11 09:45:24,916 - my_web_logger - INFO - Clicked element: ('name', 'submit')
2025-12-11 09:45:34,200 - my_web_logger - INFO - Screenshot saved as: E:\pycharmworkspace\auto_web_20251210\pictures\LoginPage20251211094533.png
2025-12-11 09:45:35,410 - my_web_logger - INFO - Element found: ('xpath', '//*[@id="ECS_MEMBERZONE"]/a[1]')
2025-12-11 09:45:35,449 - my_web_logger - INFO - Got text: 'zhangtiedan' from element: ('xpath', '//*[@id="ECS_MEMBERZONE"]/a[1]')
2025-12-11 09:45:51,521 - my_web_logger - INFO - Opened page: http://192.168.227.129/ecshop/user.php
2025-12-11 09:45:51,584 - my_web_logger - INFO - Element found: ('name', 'username')
2025-12-11 09:45:51,752 - my_web_logger - INFO - Input text: '' into element: ('name', 'username')
2025-12-11 09:45:51,809 - my_web_logger - INFO - Element found: ('name', 'password')
2025-12-11 09:45:52,032 - my_web_logger - INFO - Input text: '111111' into element: ('name', 'password')
2025-12-11 09:45:52,080 - my_web_logger - INFO - Element found: ('id', 'remember')
2025-12-11 09:45:52,181 - my_web_logger - INFO - Clicked element: ('id', 'remember')
2025-12-11 09:45:52,212 - my_web_logger - INFO - Element found: ('name', 'submit')
2025-12-11 09:45:52,330 - my_web_logger - INFO - Clicked element: ('name', 'submit')
2025-12-11 09:50:02,808 - my_web_logger - INFO - Opened page: http://192.168.227.129/ecshop/user.php
2025-12-11 09:50:02,853 - my_web_logger - INFO - Element found: ('name', 'username')
2025-12-11 09:50:03,084 - my_web_logger - INFO - Input text: 'zhangtiedan' into element: ('name', 'username')
2025-12-11 09:50:03,102 - my_web_logger - INFO - Element found: ('name', 'password')
2025-12-11 09:50:03,223 - my_web_logger - INFO - Input text: '111111' into element: ('name', 'password')
2025-12-11 09:50:03,271 - my_web_logger - INFO - Element found: ('id', 'remember')
2025-12-11 09:50:03,381 - my_web_logger - INFO - Clicked element: ('id', 'remember')
2025-12-11 09:50:03,397 - my_web_logger - INFO - Element found: ('name', 'submit')
2025-12-11 09:50:03,584 - my_web_logger - INFO - Clicked element: ('name', 'submit')
2025-12-11 09:50:03,686 - my_web_logger - INFO - Element found: ('xpath', '//*[@id="ECS_MEMBERZONE"]/a[1]')
2025-12-11 09:50:03,715 - my_web_logger - INFO - Got text: 'zhangtiedan' from element: ('xpath', '//*[@id="ECS_MEMBERZONE"]/a[1]')
2025-12-11 09:50:04,936 - my_web_logger - INFO - Screenshot saved as: E:\pycharmworkspace\auto_web_20251210\pictures\LoginPage20251211095004.png
2025-12-11 09:50:12,749 - my_web_logger - INFO - Opened page: http://192.168.227.129/ecshop/user.php
2025-12-11 09:50:12,777 - my_web_logger - INFO - Element found: ('name', 'username')
2025-12-11 09:50:12,984 - my_web_logger - INFO - Input text: '' into element: ('name', 'username')
2025-12-11 09:50:13,011 - my_web_logger - INFO - Element found: ('name', 'password')
2025-12-11 09:50:13,138 - my_web_logger - INFO - Input text: '111111' into element: ('name', 'password')
2025-12-11 09:50:13,152 - my_web_logger - INFO - Element found: ('id', 'remember')
2025-12-11 09:50:13,268 - my_web_logger - INFO - Clicked element: ('id', 'remember')
2025-12-11 09:50:13,283 - my_web_logger - INFO - Element found: ('name', 'submit')
2025-12-11 09:50:13,405 - my_web_logger - INFO - Clicked element: ('name', 'submit')
2025-12-11 09:50:13,407 - my_web_logger - INFO - Alert text: - 用户名不能为空。

2025-12-11 09:50:13,416 - my_web_logger - INFO - Alert accepted
2025-12-11 09:50:14,671 - my_web_logger - INFO - Screenshot saved as: E:\pycharmworkspace\auto_web_20251210\pictures\LoginPage20251211095014.png
2025-12-11 09:50:21,552 - my_web_logger - INFO - Opened page: http://192.168.227.129/ecshop/user.php
2025-12-11 09:50:21,627 - my_web_logger - INFO - Element found: ('name', 'username')
2025-12-11 09:50:21,973 - my_web_logger - INFO - Input text: 'zhangtiedan' into element: ('name', 'username')
2025-12-11 09:50:21,999 - my_web_logger - INFO - Element found: ('name', 'password')
2025-12-11 09:50:22,168 - my_web_logger - INFO - Input text: '' into element: ('name', 'password')
2025-12-11 09:50:22,200 - my_web_logger - INFO - Element found: ('id', 'remember')
2025-12-11 09:50:22,284 - my_web_logger - INFO - Clicked element: ('id', 'remember')
2025-12-11 09:50:22,305 - my_web_logger - INFO - Element found: ('name', 'submit')
2025-12-11 09:50:22,419 - my_web_logger - INFO - Clicked element: ('name', 'submit')
2025-12-11 09:50:22,423 - my_web_logger - INFO - Alert text: - 登录密码不能为空。

2025-12-11 09:50:22,436 - my_web_logger - INFO - Alert accepted
2025-12-11 09:50:23,753 - my_web_logger - INFO - Screenshot saved as: E:\pycharmworkspace\auto_web_20251210\pictures\LoginPage20251211095023.png
2025-12-11 09:50:33,682 - my_web_logger - INFO - Opened page: http://192.168.227.129/ecshop/user.php
2025-12-11 09:50:33,756 - my_web_logger - INFO - Element found: ('name', 'username')
2025-12-11 09:50:34,193 - my_web_logger - INFO - Input text: 'zhangtiedan' into element: ('name', 'username')
2025-12-11 09:50:34,209 - my_web_logger - INFO - Element found: ('name', 'password')
2025-12-11 09:50:34,376 - my_web_logger - INFO - Input text: '234234234' into element: ('name', 'password')
2025-12-11 09:50:34,405 - my_web_logger - INFO - Element found: ('id', 'remember')
2025-12-11 09:50:34,512 - my_web_logger - INFO - Clicked element: ('id', 'remember')
2025-12-11 09:50:34,533 - my_web_logger - INFO - Element found: ('name', 'submit')
2025-12-11 09:50:34,809 - my_web_logger - INFO - Clicked element: ('name', 'submit')
2025-12-11 09:50:34,989 - my_web_logger - INFO - Element found: ('xpath', '//*[@id="ECS_MEMBERZONE"]/a[1]')
2025-12-11 09:50:35,042 - my_web_logger - INFO - Got text: '登录' from element: ('xpath', '//*[@id="ECS_MEMBERZONE"]/a[1]')
2025-12-11 09:50:36,315 - my_web_logger - INFO - Screenshot saved as: E:\pycharmworkspace\auto_web_20251210\pictures\LoginPage20251211095036.png
2025-12-11 10:06:29,562 - my_web_logger - INFO - Opened page: http://192.168.227.129/ecshop/user.php
2025-12-11 10:06:29,592 - my_web_logger - INFO - Element found: ('name', 'username')
2025-12-11 10:06:29,877 - my_web_logger - INFO - Input text: 'zhangtiedan' into element: ('name', 'username')
2025-12-11 10:06:29,892 - my_web_logger - INFO - Element found: ('name', 'password')
2025-12-11 10:06:30,014 - my_web_logger - INFO - Input text: '111111' into element: ('name', 'password')
2025-12-11 10:06:30,043 - my_web_logger - INFO - Element found: ('id', 'remember')
2025-12-11 10:06:30,111 - my_web_logger - INFO - Clicked element: ('id', 'remember')
2025-12-11 10:06:30,149 - my_web_logger - INFO - Element found: ('name', 'submit')
2025-12-11 10:06:30,283 - my_web_logger - INFO - Clicked element: ('name', 'submit')
2025-12-11 10:06:30,587 - my_web_logger - INFO - Element found: ('xpath', '//*[@id="ECS_MEMBERZONE"]/a[1]')
2025-12-11 10:06:30,616 - my_web_logger - INFO - Got text: 'zhangtiedan' from element: ('xpath', '//*[@id="ECS_MEMBERZONE"]/a[1]')
2025-12-11 10:06:31,908 - my_web_logger - INFO - Screenshot saved as: E:\pycharmworkspace\auto_web_20251210\pictures\LoginPage20251211100631.png
2025-12-11 10:06:39,926 - my_web_logger - INFO - Opened page: http://192.168.227.129/ecshop/user.php
2025-12-11 10:06:39,981 - my_web_logger - INFO - Element found: ('name', 'username')
2025-12-11 10:06:40,349 - my_web_logger - INFO - Input text: '' into element: ('name', 'username')
2025-12-11 10:06:40,383 - my_web_logger - INFO - Element found: ('name', 'password')
2025-12-11 10:06:40,656 - my_web_logger - INFO - Input text: '111111' into element: ('name', 'password')
2025-12-11 10:06:40,675 - my_web_logger - INFO - Element found: ('id', 'remember')
2025-12-11 10:06:40,789 - my_web_logger - INFO - Clicked element: ('id', 'remember')
2025-12-11 10:06:40,808 - my_web_logger - INFO - Element found: ('name', 'submit')
2025-12-11 10:06:40,921 - my_web_logger - INFO - Clicked element: ('name', 'submit')
2025-12-11 10:06:40,925 - my_web_logger - INFO - Alert text: - 用户名不能为空。

2025-12-11 10:06:47,932 - my_web_logger - INFO - Opened page: http://192.168.227.129/ecshop/user.php
2025-12-11 10:06:48,136 - my_web_logger - INFO - Element found: ('name', 'username')
2025-12-11 10:06:48,838 - my_web_logger - INFO - Input text: 'zhangtiedan' into element: ('name', 'username')
2025-12-11 10:06:48,868 - my_web_logger - INFO - Element found: ('name', 'password')
2025-12-11 10:06:49,064 - my_web_logger - INFO - Input text: '' into element: ('name', 'password')
2025-12-11 10:06:49,101 - my_web_logger - INFO - Element found: ('id', 'remember')
2025-12-11 10:06:49,266 - my_web_logger - INFO - Clicked element: ('id', 'remember')
2025-12-11 10:06:49,312 - my_web_logger - INFO - Element found: ('name', 'submit')
2025-12-11 10:06:49,473 - my_web_logger - INFO - Clicked element: ('name', 'submit')
2025-12-11 10:06:49,477 - my_web_logger - INFO - Alert text: - 登录密码不能为空。

2025-12-11 10:06:57,336 - my_web_logger - INFO - Opened page: http://192.168.227.129/ecshop/user.php
2025-12-11 10:06:57,446 - my_web_logger - INFO - Element found: ('name', 'username')
2025-12-11 10:06:57,937 - my_web_logger - INFO - Input text: 'zhangtiedan' into element: ('name', 'username')
2025-12-11 10:06:57,970 - my_web_logger - INFO - Element found: ('name', 'password')
2025-12-11 10:06:58,096 - my_web_logger - INFO - Input text: '234234234' into element: ('name', 'password')
2025-12-11 10:06:58,115 - my_web_logger - INFO - Element found: ('id', 'remember')
2025-12-11 10:06:58,253 - my_web_logger - INFO - Clicked element: ('id', 'remember')
2025-12-11 10:06:58,270 - my_web_logger - INFO - Element found: ('name', 'submit')
2025-12-11 10:06:58,703 - my_web_logger - INFO - Clicked element: ('name', 'submit')
2025-12-11 10:06:58,787 - my_web_logger - INFO - Element found: ('xpath', '//*[@id="ECS_MEMBERZONE"]/a[1]')
2025-12-11 10:06:58,865 - my_web_logger - INFO - Got text: '登录' from element: ('xpath', '//*[@id="ECS_MEMBERZONE"]/a[1]')
2025-12-11 10:07:00,285 - my_web_logger - INFO - Screenshot saved as: E:\pycharmworkspace\auto_web_20251210\pictures\LoginPage20251211100659.png
2025-12-11 10:07:48,241 - my_web_logger - INFO - Opened page: http://192.168.227.129/ecshop/user.php
2025-12-11 10:07:48,327 - my_web_logger - INFO - Element found: ('name', 'username')
2025-12-11 10:07:48,899 - my_web_logger - INFO - Input text: 'zhangtiedan' into element: ('name', 'username')
2025-12-11 10:07:48,936 - my_web_logger - INFO - Element found: ('name', 'password')
2025-12-11 10:07:49,147 - my_web_logger - INFO - Input text: '111111' into element: ('name', 'password')
2025-12-11 10:07:49,182 - my_web_logger - INFO - Element found: ('id', 'remember')
2025-12-11 10:07:49,290 - my_web_logger - INFO - Clicked element: ('id', 'remember')
2025-12-11 10:07:49,308 - my_web_logger - INFO - Element found: ('name', 'submit')
2025-12-11 10:07:49,537 - my_web_logger - INFO - Clicked element: ('name', 'submit')
2025-12-11 10:07:49,686 - my_web_logger - INFO - Element found: ('xpath', '//*[@id="ECS_MEMBERZONE"]/a[1]')
2025-12-11 10:07:49,745 - my_web_logger - INFO - Got text: 'zhangtiedan' from element: ('xpath', '//*[@id="ECS_MEMBERZONE"]/a[1]')
2025-12-11 10:07:51,170 - my_web_logger - INFO - Screenshot saved as: E:\pycharmworkspace\auto_web_20251210\pictures\LoginPage20251211100750.png
2025-12-11 10:08:00,764 - my_web_logger - INFO - Opened page: http://192.168.227.129/ecshop/user.php
2025-12-11 10:08:00,819 - my_web_logger - INFO - Element found: ('name', 'username')
2025-12-11 10:08:01,096 - my_web_logger - INFO - Input text: '' into element: ('name', 'username')
2025-12-11 10:08:01,126 - my_web_logger - INFO - Element found: ('name', 'password')
2025-12-11 10:08:01,309 - my_web_logger - INFO - Input text: '111111' into element: ('name', 'password')
2025-12-11 10:08:01,341 - my_web_logger - INFO - Element found: ('id', 'remember')
2025-12-11 10:08:01,450 - my_web_logger - INFO - Clicked element: ('id', 'remember')
2025-12-11 10:08:01,466 - my_web_logger - INFO - Element found: ('name', 'submit')
2025-12-11 10:08:01,575 - my_web_logger - INFO - Clicked element: ('name', 'submit')
2025-12-11 10:08:01,578 - my_web_logger - INFO - Alert text: - 用户名不能为空。

2025-12-11 10:08:01,590 - my_web_logger - INFO - Alert accepted
2025-12-11 10:08:02,998 - my_web_logger - INFO - Screenshot saved as: E:\pycharmworkspace\auto_web_20251210\pictures\LoginPage20251211100802.png
2025-12-11 10:08:14,089 - my_web_logger - INFO - Opened page: http://192.168.227.129/ecshop/user.php
2025-12-11 10:08:14,151 - my_web_logger - INFO - Element found: ('name', 'username')
2025-12-11 10:08:14,864 - my_web_logger - INFO - Input text: 'zhangtiedan' into element: ('name', 'username')
2025-12-11 10:08:14,890 - my_web_logger - INFO - Element found: ('name', 'password')
2025-12-11 10:08:15,071 - my_web_logger - INFO - Input text: '' into element: ('name', 'password')
2025-12-11 10:08:15,112 - my_web_logger - INFO - Element found: ('id', 'remember')
2025-12-11 10:08:15,269 - my_web_logger - INFO - Clicked element: ('id', 'remember')
2025-12-11 10:08:15,290 - my_web_logger - INFO - Element found: ('name', 'submit')
2025-12-11 10:08:15,458 - my_web_logger - INFO - Clicked element: ('name', 'submit')
2025-12-11 10:08:15,494 - my_web_logger - INFO - Alert text: - 登录密码不能为空。

2025-12-11 10:08:15,549 - my_web_logger - INFO - Alert accepted
2025-12-11 10:08:16,984 - my_web_logger - INFO - Screenshot saved as: E:\pycharmworkspace\auto_web_20251210\pictures\LoginPage20251211100816.png
2025-12-11 10:08:27,869 - my_web_logger - INFO - Opened page: http://192.168.227.129/ecshop/user.php
2025-12-11 10:08:27,914 - my_web_logger - INFO - Element found: ('name', 'username')
2025-12-11 10:08:28,331 - my_web_logger - INFO - Input text: 'zhangtiedan' into element: ('name', 'username')
2025-12-11 10:08:28,348 - my_web_logger - INFO - Element found: ('name', 'password')
2025-12-11 10:08:28,518 - my_web_logger - INFO - Input text: '234234234' into element: ('name', 'password')
2025-12-11 10:08:28,534 - my_web_logger - INFO - Element found: ('id', 'remember')
2025-12-11 10:08:28,637 - my_web_logger - INFO - Clicked element: ('id', 'remember')
2025-12-11 10:08:28,652 - my_web_logger - INFO - Element found: ('name', 'submit')
2025-12-11 10:08:28,886 - my_web_logger - INFO - Clicked element: ('name', 'submit')
2025-12-11 10:08:28,983 - my_web_logger - INFO - Element found: ('xpath', '//*[@id="ECS_MEMBERZONE"]/a[1]')
2025-12-11 10:08:29,027 - my_web_logger - INFO - Got text: '登录' from element: ('xpath', '//*[@id="ECS_MEMBERZONE"]/a[1]')
2025-12-11 10:08:30,272 - my_web_logger - INFO - Screenshot saved as: E:\pycharmworkspace\auto_web_20251210\pictures\LoginPage20251211100830.png
2025-12-11 10:23:51,302 - my_web_logger - INFO - Opened page: http://192.168.227.129/ecshop/user.php
2025-12-11 10:23:51,320 - my_web_logger - INFO - Element found: ('name', 'username')
2025-12-11 10:23:51,525 - my_web_logger - INFO - Input text: 'zhangtiedan' into element: ('name', 'username')
2025-12-11 10:23:51,578 - my_web_logger - INFO - Element found: ('name', 'password')
2025-12-11 10:23:51,675 - my_web_logger - INFO - Input text: '111111' into element: ('name', 'password')
2025-12-11 10:23:51,695 - my_web_logger - INFO - Element found: ('id', 'remember')
2025-12-11 10:23:51,789 - my_web_logger - INFO - Clicked element: ('id', 'remember')
2025-12-11 10:23:51,802 - my_web_logger - INFO - Element found: ('name', 'submit')
2025-12-11 10:23:52,106 - my_web_logger - INFO - Clicked element: ('name', 'submit')
2025-12-11 10:23:53,802 - my_web_logger - INFO - Screenshot saved as: E:\pycharmworkspace\auto_web_20251210\pictures\LoginPage20251211102353.png
2025-12-11 10:24:01,767 - my_web_logger - INFO - Opened page: http://192.168.227.129/ecshop/user.php
2025-12-11 10:24:01,852 - my_web_logger - INFO - Element found: ('name', 'username')
2025-12-11 10:24:02,070 - my_web_logger - INFO - Input text: '' into element: ('name', 'username')
2025-12-11 10:24:02,084 - my_web_logger - INFO - Element found: ('name', 'password')
2025-12-11 10:24:02,205 - my_web_logger - INFO - Input text: '111111' into element: ('name', 'password')
2025-12-11 10:24:02,219 - my_web_logger - INFO - Element found: ('id', 'remember')
2025-12-11 10:24:02,302 - my_web_logger - INFO - Clicked element: ('id', 'remember')
2025-12-11 10:24:02,316 - my_web_logger - INFO - Element found: ('name', 'submit')
2025-12-11 10:24:02,414 - my_web_logger - INFO - Clicked element: ('name', 'submit')
2025-12-11 10:24:02,417 - my_web_logger - INFO - Alert text: - 用户名不能为空。

2025-12-11 10:24:02,428 - my_web_logger - INFO - Alert accepted
2025-12-11 10:24:03,699 - my_web_logger - INFO - Screenshot saved as: E:\pycharmworkspace\auto_web_20251210\pictures\LoginPage20251211102403.png
2025-12-11 10:24:11,553 - my_web_logger - INFO - Opened page: http://192.168.227.129/ecshop/user.php
2025-12-11 10:24:11,583 - my_web_logger - INFO - Element found: ('name', 'username')
2025-12-11 10:24:12,029 - my_web_logger - INFO - Input text: 'zhangtiedan' into element: ('name', 'username')
2025-12-11 10:24:12,050 - my_web_logger - INFO - Element found: ('name', 'password')
2025-12-11 10:24:12,170 - my_web_logger - INFO - Input text: '' into element: ('name', 'password')
2025-12-11 10:24:12,193 - my_web_logger - INFO - Element found: ('id', 'remember')
2025-12-11 10:24:12,284 - my_web_logger - INFO - Clicked element: ('id', 'remember')
2025-12-11 10:24:12,302 - my_web_logger - INFO - Element found: ('name', 'submit')
2025-12-11 10:24:12,395 - my_web_logger - INFO - Clicked element: ('name', 'submit')
2025-12-11 10:24:12,400 - my_web_logger - INFO - Alert text: - 登录密码不能为空。

2025-12-11 10:24:12,409 - my_web_logger - INFO - Alert accepted
2025-12-11 10:24:13,683 - my_web_logger - INFO - Screenshot saved as: E:\pycharmworkspace\auto_web_20251210\pictures\LoginPage20251211102413.png
2025-12-11 10:24:23,478 - my_web_logger - INFO - Opened page: http://192.168.227.129/ecshop/user.php
2025-12-11 10:24:23,668 - my_web_logger - INFO - Element found: ('name', 'username')
2025-12-11 10:24:24,184 - my_web_logger - INFO - Input text: 'zhangtiedan' into element: ('name', 'username')
2025-12-11 10:24:24,214 - my_web_logger - INFO - Element found: ('name', 'password')
2025-12-11 10:24:25,008 - my_web_logger - INFO - Input text: '234234234' into element: ('name', 'password')
2025-12-11 10:24:25,051 - my_web_logger - INFO - Element found: ('id', 'remember')
2025-12-11 10:24:25,210 - my_web_logger - INFO - Clicked element: ('id', 'remember')
2025-12-11 10:24:25,246 - my_web_logger - INFO - Element found: ('name', 'submit')
2025-12-11 10:24:25,557 - my_web_logger - INFO - Clicked element: ('name', 'submit')
2025-12-11 10:24:27,554 - my_web_logger - INFO - Screenshot saved as: E:\pycharmworkspace\auto_web_20251210\pictures\LoginPage20251211102426.png
2025-12-11 10:28:25,512 - my_web_logger - INFO - Opened page: http://192.168.227.129/ecshop/user.php
2025-12-11 10:28:25,574 - my_web_logger - INFO - Element found: ('name', 'username')
2025-12-11 10:28:25,936 - my_web_logger - INFO - Input text: 'zhangtiedan' into element: ('name', 'username')
2025-12-11 10:28:25,974 - my_web_logger - INFO - Element found: ('name', 'password')
2025-12-11 10:28:26,125 - my_web_logger - INFO - Input text: '111111' into element: ('name', 'password')
2025-12-11 10:28:26,162 - my_web_logger - INFO - Element found: ('id', 'remember')
2025-12-11 10:28:26,246 - my_web_logger - INFO - Clicked element: ('id', 'remember')
2025-12-11 10:28:26,269 - my_web_logger - INFO - Element found: ('name', 'submit')
2025-12-11 10:28:26,501 - my_web_logger - INFO - Clicked element: ('name', 'submit')
2025-12-11 10:28:26,614 - my_web_logger - INFO - Element found: ('xpath', '//*[@id="ECS_MEMBERZONE"]/a[1]')
2025-12-11 10:28:26,696 - my_web_logger - INFO - Got text: 'zhangtiedan' from element: ('xpath', '//*[@id="ECS_MEMBERZONE"]/a[1]')
2025-12-11 10:28:27,910 - my_web_logger - INFO - Screenshot saved as: E:\pycharmworkspace\auto_web_20251210\pictures\LoginPage20251211102827.png
2025-12-11 10:28:35,535 - my_web_logger - INFO - Opened page: http://192.168.227.129/ecshop/user.php
2025-12-11 10:28:35,584 - my_web_logger - INFO - Element found: ('name', 'username')
2025-12-11 10:28:35,922 - my_web_logger - INFO - Input text: '' into element: ('name', 'username')
2025-12-11 10:28:35,963 - my_web_logger - INFO - Element found: ('name', 'password')
2025-12-11 10:28:36,111 - my_web_logger - INFO - Input text: '111111' into element: ('name', 'password')
2025-12-11 10:28:36,134 - my_web_logger - INFO - Element found: ('id', 'remember')
2025-12-11 10:28:36,249 - my_web_logger - INFO - Clicked element: ('id', 'remember')
2025-12-11 10:28:36,307 - my_web_logger - INFO - Element found: ('name', 'submit')
2025-12-11 10:28:36,416 - my_web_logger - INFO - Clicked element: ('name', 'submit')
2025-12-11 10:28:36,419 - my_web_logger - INFO - Alert text: - 用户名不能为空。

2025-12-11 10:28:36,431 - my_web_logger - INFO - Alert accepted
2025-12-11 10:28:37,718 - my_web_logger - INFO - Screenshot saved as: E:\pycharmworkspace\auto_web_20251210\pictures\LoginPage20251211102837.png
2025-12-11 10:28:46,207 - my_web_logger - INFO - Opened page: http://192.168.227.129/ecshop/user.php
2025-12-11 10:28:46,983 - my_web_logger - INFO - Element found: ('name', 'username')
2025-12-11 10:28:47,511 - my_web_logger - INFO - Input text: 'zhangtiedan' into element: ('name', 'username')
2025-12-11 10:28:47,530 - my_web_logger - INFO - Element found: ('name', 'password')
2025-12-11 10:28:47,713 - my_web_logger - INFO - Input text: '' into element: ('name', 'password')
2025-12-11 10:28:47,733 - my_web_logger - INFO - Element found: ('id', 'remember')
2025-12-11 10:28:47,867 - my_web_logger - INFO - Clicked element: ('id', 'remember')
2025-12-11 10:28:47,900 - my_web_logger - INFO - Element found: ('name', 'submit')
2025-12-11 10:28:48,067 - my_web_logger - INFO - Clicked element: ('name', 'submit')
2025-12-11 10:28:48,084 - my_web_logger - INFO - Alert text: - 登录密码不能为空。

2025-12-11 10:28:48,101 - my_web_logger - INFO - Alert accepted
2025-12-11 10:28:49,701 - my_web_logger - INFO - Screenshot saved as: E:\pycharmworkspace\auto_web_20251210\pictures\LoginPage20251211102849.png
2025-12-11 10:28:58,751 - my_web_logger - INFO - Opened page: http://192.168.227.129/ecshop/user.php
2025-12-11 10:28:58,825 - my_web_logger - INFO - Element found: ('name', 'username')
2025-12-11 10:28:59,156 - my_web_logger - INFO - Input text: 'zhangtiedan' into element: ('name', 'username')
2025-12-11 10:28:59,175 - my_web_logger - INFO - Element found: ('name', 'password')
2025-12-11 10:28:59,303 - my_web_logger - INFO - Input text: '234234234' into element: ('name', 'password')
2025-12-11 10:28:59,324 - my_web_logger - INFO - Element found: ('id', 'remember')
2025-12-11 10:28:59,463 - my_web_logger - INFO - Clicked element: ('id', 'remember')
2025-12-11 10:28:59,479 - my_web_logger - INFO - Element found: ('name', 'submit')
2025-12-11 10:28:59,694 - my_web_logger - INFO - Clicked element: ('name', 'submit')
2025-12-11 10:28:59,794 - my_web_logger - INFO - Element found: ('xpath', '//*[@id="ECS_MEMBERZONE"]/a[1]')
2025-12-11 10:28:59,849 - my_web_logger - INFO - Got text: '登录' from element: ('xpath', '//*[@id="ECS_MEMBERZONE"]/a[1]')
2025-12-11 10:29:01,332 - my_web_logger - INFO - Screenshot saved as: E:\pycharmworkspace\auto_web_20251210\pictures\LoginPage20251211102900.png
2025-12-11 11:11:28,238 - my_web_logger - INFO - Opened page: http://192.168.227.129/ecshop/user.php
2025-12-11 11:11:28,280 - my_web_logger - INFO - Element found: ('name', 'username')
2025-12-11 11:11:28,507 - my_web_logger - INFO - Input text: 'zhangtiedan' into element: ('name', 'username')
2025-12-11 11:11:28,524 - my_web_logger - INFO - Element found: ('name', 'password')
2025-12-11 11:11:28,670 - my_web_logger - INFO - Input text: '111111' into element: ('name', 'password')
2025-12-11 11:11:28,689 - my_web_logger - INFO - Element found: ('id', 'remember')
2025-12-11 11:11:28,782 - my_web_logger - INFO - Clicked element: ('id', 'remember')
2025-12-11 11:11:28,801 - my_web_logger - INFO - Element found: ('name', 'submit')
2025-12-11 11:11:29,084 - my_web_logger - INFO - Clicked element: ('name', 'submit')
2025-12-11 11:11:29,133 - my_web_logger - INFO - Element found: ('xpath', '//*[@id="ECS_MEMBERZONE"]/a[1]')
2025-12-11 11:11:29,177 - my_web_logger - INFO - Got text: 'zhangtiedan' from element: ('xpath', '//*[@id="ECS_MEMBERZONE"]/a[1]')
2025-12-11 11:11:30,445 - my_web_logger - INFO - Screenshot saved as: E:\pycharmworkspace\auto_web_20251210\pictures\LoginPage20251211111130.png
2025-12-11 11:11:38,379 - my_web_logger - INFO - Opened page: http://192.168.227.129/ecshop/user.php
2025-12-11 11:11:38,582 - my_web_logger - INFO - Element found: ('name', 'username')
2025-12-11 11:11:38,835 - my_web_logger - INFO - Input text: '' into element: ('name', 'username')
2025-12-11 11:11:38,868 - my_web_logger - INFO - Element found: ('name', 'password')
2025-12-11 11:11:39,040 - my_web_logger - INFO - Input text: '111111' into element: ('name', 'password')
2025-12-11 11:11:39,088 - my_web_logger - INFO - Element found: ('id', 'remember')
2025-12-11 11:11:39,210 - my_web_logger - INFO - Clicked element: ('id', 'remember')
2025-12-11 11:11:39,228 - my_web_logger - INFO - Element found: ('name', 'submit')
2025-12-11 11:11:39,324 - my_web_logger - INFO - Clicked element: ('name', 'submit')
2025-12-11 11:11:39,330 - my_web_logger - INFO - Alert text: - 用户名不能为空。

2025-12-11 11:11:39,339 - my_web_logger - INFO - Alert accepted
2025-12-11 11:11:40,660 - my_web_logger - INFO - Screenshot saved as: E:\pycharmworkspace\auto_web_20251210\pictures\LoginPage20251211111140.png
2025-12-11 11:11:48,252 - my_web_logger - INFO - Opened page: http://192.168.227.129/ecshop/user.php
2025-12-11 11:11:48,321 - my_web_logger - INFO - Element found: ('name', 'username')
2025-12-11 11:11:48,601 - my_web_logger - INFO - Input text: 'zhangtiedan' into element: ('name', 'username')
2025-12-11 11:11:48,620 - my_web_logger - INFO - Element found: ('name', 'password')
2025-12-11 11:11:48,773 - my_web_logger - INFO - Input text: '' into element: ('name', 'password')
2025-12-11 11:11:48,816 - my_web_logger - INFO - Element found: ('id', 'remember')
2025-12-11 11:11:48,950 - my_web_logger - INFO - Clicked element: ('id', 'remember')
2025-12-11 11:11:48,970 - my_web_logger - INFO - Element found: ('name', 'submit')
2025-12-11 11:11:49,100 - my_web_logger - INFO - Clicked element: ('name', 'submit')
2025-12-11 11:11:49,104 - my_web_logger - INFO - Alert text: - 登录密码不能为空。

2025-12-11 11:11:49,117 - my_web_logger - INFO - Alert accepted
2025-12-11 11:11:50,379 - my_web_logger - INFO - Screenshot saved as: E:\pycharmworkspace\auto_web_20251210\pictures\LoginPage20251211111150.png
2025-12-11 11:12:02,087 - my_web_logger - INFO - Opened page: http://192.168.227.129/ecshop/user.php
2025-12-11 11:12:02,192 - my_web_logger - INFO - Element found: ('name', 'username')
2025-12-11 11:12:03,013 - my_web_logger - INFO - Input text: 'zhangtiedan' into element: ('name', 'username')
2025-12-11 11:12:03,088 - my_web_logger - INFO - Element found: ('name', 'password')
2025-12-11 11:12:03,606 - my_web_logger - INFO - Input text: '234234234' into element: ('name', 'password')
2025-12-11 11:12:03,698 - my_web_logger - INFO - Element found: ('id', 'remember')
2025-12-11 11:12:04,090 - my_web_logger - INFO - Clicked element: ('id', 'remember')
2025-12-11 11:12:04,142 - my_web_logger - INFO - Element found: ('name', 'submit')
2025-12-11 11:12:05,167 - my_web_logger - INFO - Clicked element: ('name', 'submit')
2025-12-11 11:12:05,247 - my_web_logger - INFO - Element found: ('xpath', '//*[@id="ECS_MEMBERZONE"]/a[1]')
2025-12-11 11:12:05,303 - my_web_logger - INFO - Got text: '登录' from element: ('xpath', '//*[@id="ECS_MEMBERZONE"]/a[1]')
2025-12-11 11:12:06,681 - my_web_logger - INFO - Screenshot saved as: E:\pycharmworkspace\auto_web_20251210\pictures\LoginPage20251211111206.png
2025-12-11 15:03:01,920 - my_web_logger - INFO - Opened page: http://192.168.227.129/ecshop/user.php
2025-12-11 15:03:01,952 - my_web_logger - INFO - Element found: ('name', 'username')
2025-12-11 15:03:02,299 - my_web_logger - INFO - Input text: 'zhangtiedan' into element: ('name', 'username')
2025-12-11 15:03:02,320 - my_web_logger - INFO - Element found: ('name', 'password')
2025-12-11 15:03:02,479 - my_web_logger - INFO - Input text: '111111' into element: ('name', 'password')
2025-12-11 15:03:02,531 - my_web_logger - INFO - Element found: ('id', 'remember')
2025-12-11 15:03:02,652 - my_web_logger - INFO - Clicked element: ('id', 'remember')
2025-12-11 15:03:02,668 - my_web_logger - INFO - Element found: ('name', 'submit')
2025-12-11 15:03:03,092 - my_web_logger - INFO - Clicked element: ('name', 'submit')
2025-12-11 15:03:03,123 - my_web_logger - INFO - Element found: ('xpath', '/html/body/div[1]/div[1]/div/div/a[1]')
2025-12-11 15:03:03,668 - my_web_logger - INFO - Clicked element: ('xpath', '/html/body/div[1]/div[1]/div/div/a[1]')
2025-12-11 15:03:03,717 - my_web_logger - INFO - Element found: ('xpath', '/html/body/div[5]/div[1]/div/div/div/div/a[6]')
2025-12-11 15:03:04,130 - my_web_logger - INFO - Clicked element: ('xpath', '/html/body/div[5]/div[1]/div/div/div/div/a[6]')
2025-12-11 15:03:04,147 - my_web_logger - INFO - Elements found: ('name', 'msg_type')
2025-12-11 15:03:04,291 - my_web_logger - INFO - Element found: ('name', 'msg_title')
2025-12-11 15:03:04,889 - my_web_logger - INFO - Input text: '自动化' into element: ('name', 'msg_title')
2025-12-11 15:03:04,985 - my_web_logger - INFO - Element found: ('name', 'msg_content')
2025-12-11 15:03:05,407 - my_web_logger - INFO - Input text: '自动化测试' into element: ('name', 'msg_content')
2025-12-11 15:03:05,444 - my_web_logger - INFO - Element found: ('xpath', '/html/body/div[5]/div[2]/div/div/div/form/table/tbody/tr[5]/td[2]/input[2]')
2025-12-11 15:03:05,785 - my_web_logger - INFO - Clicked element: ('xpath', '/html/body/div[5]/div[2]/div/div/div/form/table/tbody/tr[5]/td[2]/input[2]')
2025-12-11 15:04:39,834 - my_web_logger - INFO - Opened page: http://192.168.227.129/ecshop/user.php
2025-12-11 15:04:39,862 - my_web_logger - INFO - Element found: ('name', 'username')
2025-12-11 15:04:40,034 - my_web_logger - INFO - Input text: 'zhangtiedan' into element: ('name', 'username')
2025-12-11 15:04:40,052 - my_web_logger - INFO - Element found: ('name', 'password')
2025-12-11 15:04:40,143 - my_web_logger - INFO - Input text: '111111' into element: ('name', 'password')
2025-12-11 15:04:40,174 - my_web_logger - INFO - Element found: ('id', 'remember')
2025-12-11 15:04:40,252 - my_web_logger - INFO - Clicked element: ('id', 'remember')
2025-12-11 15:04:40,268 - my_web_logger - INFO - Element found: ('name', 'submit')
2025-12-11 15:04:40,551 - my_web_logger - INFO - Clicked element: ('name', 'submit')
2025-12-11 15:04:40,591 - my_web_logger - INFO - Element found: ('xpath', '/html/body/div[1]/div[1]/div/div/a[1]')
2025-12-11 15:04:41,299 - my_web_logger - INFO - Clicked element: ('xpath', '/html/body/div[1]/div[1]/div/div/a[1]')
2025-12-11 15:04:41,315 - my_web_logger - INFO - Element found: ('xpath', '/html/body/div[5]/div[1]/div/div/div/div/a[6]')
2025-12-11 15:04:41,650 - my_web_logger - INFO - Clicked element: ('xpath', '/html/body/div[5]/div[1]/div/div/div/div/a[6]')
2025-12-11 15:04:41,683 - my_web_logger - INFO - Elements found: ('name', 'msg_type')
2025-12-11 15:04:41,771 - my_web_logger - INFO - Element found: ('name', 'msg_title')
2025-12-11 15:04:42,027 - my_web_logger - INFO - Input text: '自动化' into element: ('name', 'msg_title')
2025-12-11 15:04:42,069 - my_web_logger - INFO - Element found: ('name', 'msg_content')
2025-12-11 15:04:42,260 - my_web_logger - INFO - Input text: '自动化测试' into element: ('name', 'msg_content')
2025-12-11 15:04:42,305 - my_web_logger - INFO - Element found: ('xpath', '/html/body/div[5]/div[2]/div/div/div/form/table/tbody/tr[5]/td[2]/input[2]')
2025-12-11 15:04:42,438 - my_web_logger - INFO - Clicked element: ('xpath', '/html/body/div[5]/div[2]/div/div/div/form/table/tbody/tr[5]/td[2]/input[2]')
2025-12-11 15:04:48,190 - my_web_logger - INFO - Opened page: http://192.168.227.129/ecshop/user.php
2025-12-11 15:04:48,246 - my_web_logger - INFO - Element found: ('name', 'username')
2025-12-11 15:04:48,694 - my_web_logger - INFO - Input text: 'zhangtiedan' into element: ('name', 'username')
2025-12-11 15:04:48,754 - my_web_logger - INFO - Element found: ('name', 'password')
2025-12-11 15:04:49,041 - my_web_logger - INFO - Input text: '111111' into element: ('name', 'password')
2025-12-11 15:04:49,064 - my_web_logger - INFO - Element found: ('id', 'remember')
2025-12-11 15:04:49,205 - my_web_logger - INFO - Clicked element: ('id', 'remember')
2025-12-11 15:04:49,233 - my_web_logger - INFO - Element found: ('name', 'submit')
2025-12-11 15:04:49,500 - my_web_logger - INFO - Clicked element: ('name', 'submit')
2025-12-11 15:04:49,642 - my_web_logger - INFO - Element found: ('xpath', '/html/body/div[1]/div[1]/div/div/a[1]')
2025-12-11 15:04:50,156 - my_web_logger - INFO - Clicked element: ('xpath', '/html/body/div[1]/div[1]/div/div/a[1]')
2025-12-11 15:04:50,204 - my_web_logger - INFO - Element found: ('xpath', '/html/body/div[5]/div[1]/div/div/div/div/a[6]')
2025-12-11 15:04:50,594 - my_web_logger - INFO - Clicked element: ('xpath', '/html/body/div[5]/div[1]/div/div/div/div/a[6]')
2025-12-11 15:04:50,609 - my_web_logger - INFO - Elements found: ('name', 'msg_type')
2025-12-11 15:04:50,720 - my_web_logger - INFO - Element found: ('name', 'msg_title')
2025-12-11 15:04:50,937 - my_web_logger - INFO - Input text: '' into element: ('name', 'msg_title')
2025-12-11 15:04:50,972 - my_web_logger - INFO - Element found: ('name', 'msg_content')
2025-12-11 15:04:51,222 - my_web_logger - INFO - Input text: '自动化测试' into element: ('name', 'msg_content')
2025-12-11 15:04:51,266 - my_web_logger - INFO - Element found: ('xpath', '/html/body/div[5]/div[2]/div/div/div/form/table/tbody/tr[5]/td[2]/input[2]')
2025-12-11 15:04:51,450 - my_web_logger - INFO - Clicked element: ('xpath', '/html/body/div[5]/div[2]/div/div/div/form/table/tbody/tr[5]/td[2]/input[2]')
2025-12-11 15:06:41,307 - my_web_logger - INFO - Opened page: http://192.168.227.129/ecshop/user.php
2025-12-11 15:06:41,617 - my_web_logger - INFO - Element found: ('name', 'username')
2025-12-11 15:06:41,957 - my_web_logger - INFO - Input text: 'zhangtiedan' into element: ('name', 'username')
2025-12-11 15:06:42,003 - my_web_logger - INFO - Element found: ('name', 'password')
2025-12-11 15:06:42,172 - my_web_logger - INFO - Input text: '111111' into element: ('name', 'password')
2025-12-11 15:06:42,225 - my_web_logger - INFO - Element found: ('id', 'remember')
2025-12-11 15:06:42,329 - my_web_logger - INFO - Clicked element: ('id', 'remember')
2025-12-11 15:06:42,346 - my_web_logger - INFO - Element found: ('name', 'submit')
2025-12-11 15:06:42,552 - my_web_logger - INFO - Clicked element: ('name', 'submit')
2025-12-11 15:06:42,644 - my_web_logger - INFO - Element found: ('xpath', '/html/body/div[1]/div[1]/div/div/a[1]')
2025-12-11 15:06:43,156 - my_web_logger - INFO - Clicked element: ('xpath', '/html/body/div[1]/div[1]/div/div/a[1]')
2025-12-11 15:06:43,223 - my_web_logger - INFO - Element found: ('xpath', '/html/body/div[5]/div[1]/div/div/div/div/a[6]')
2025-12-11 15:06:43,608 - my_web_logger - INFO - Clicked element: ('xpath', '/html/body/div[5]/div[1]/div/div/div/div/a[6]')
2025-12-11 15:06:43,625 - my_web_logger - INFO - Elements found: ('name', 'msg_type')
2025-12-11 15:06:43,721 - my_web_logger - INFO - Element found: ('name', 'msg_title')
2025-12-11 15:06:43,989 - my_web_logger - INFO - Input text: '自动化' into element: ('name', 'msg_title')
2025-12-11 15:06:44,035 - my_web_logger - INFO - Element found: ('name', 'msg_content')
2025-12-11 15:06:44,164 - my_web_logger - INFO - Input text: '自动化测试' into element: ('name', 'msg_content')
2025-12-11 15:06:44,187 - my_web_logger - INFO - Element found: ('xpath', '/html/body/div[5]/div[2]/div/div/div/form/table/tbody/tr[5]/td[2]/input[2]')
2025-12-11 15:06:44,450 - my_web_logger - INFO - Clicked element: ('xpath', '/html/body/div[5]/div[2]/div/div/div/form/table/tbody/tr[5]/td[2]/input[2]')
2025-12-11 15:06:51,118 - my_web_logger - INFO - Opened page: http://192.168.227.129/ecshop/user.php
2025-12-11 15:06:51,149 - my_web_logger - INFO - Element found: ('name', 'username')
2025-12-11 15:06:51,431 - my_web_logger - INFO - Input text: 'zhangtiedan' into element: ('name', 'username')
2025-12-11 15:06:51,465 - my_web_logger - INFO - Element found: ('name', 'password')
2025-12-11 15:06:51,618 - my_web_logger - INFO - Input text: '111111' into element: ('name', 'password')
2025-12-11 15:06:51,656 - my_web_logger - INFO - Element found: ('id', 'remember')
2025-12-11 15:06:51,787 - my_web_logger - INFO - Clicked element: ('id', 'remember')
2025-12-11 15:06:51,806 - my_web_logger - INFO - Element found: ('name', 'submit')
2025-12-11 15:06:52,039 - my_web_logger - INFO - Clicked element: ('name', 'submit')
2025-12-11 15:06:52,189 - my_web_logger - INFO - Element found: ('xpath', '/html/body/div[1]/div[1]/div/div/a[1]')
2025-12-11 15:06:52,835 - my_web_logger - INFO - Clicked element: ('xpath', '/html/body/div[1]/div[1]/div/div/a[1]')
2025-12-11 15:06:52,871 - my_web_logger - INFO - Element found: ('xpath', '/html/body/div[5]/div[1]/div/div/div/div/a[6]')
2025-12-11 15:06:53,331 - my_web_logger - INFO - Clicked element: ('xpath', '/html/body/div[5]/div[1]/div/div/div/div/a[6]')
2025-12-11 15:06:53,355 - my_web_logger - INFO - Elements found: ('name', 'msg_type')
2025-12-11 15:06:53,480 - my_web_logger - INFO - Element found: ('name', 'msg_title')
2025-12-11 15:06:53,750 - my_web_logger - INFO - Input text: '' into element: ('name', 'msg_title')
2025-12-11 15:06:53,766 - my_web_logger - INFO - Element found: ('name', 'msg_content')
2025-12-11 15:06:53,958 - my_web_logger - INFO - Input text: '自动化测试' into element: ('name', 'msg_content')
2025-12-11 15:06:54,005 - my_web_logger - INFO - Element found: ('xpath', '/html/body/div[5]/div[2]/div/div/div/form/table/tbody/tr[5]/td[2]/input[2]')
2025-12-11 15:06:54,182 - my_web_logger - INFO - Clicked element: ('xpath', '/html/body/div[5]/div[2]/div/div/div/form/table/tbody/tr[5]/td[2]/input[2]')
2025-12-11 16:13:20,651 - my_web_logger - INFO - Opened page: http://192.168.227.129/ecshop/user.php
2025-12-11 16:13:20,744 - my_web_logger - INFO - Element found: ('name', 'username')
2025-12-11 16:13:21,114 - my_web_logger - INFO - Input text: 'zhangtiedan' into element: ('name', 'username')
2025-12-11 16:13:21,130 - my_web_logger - INFO - Element found: ('name', 'password')
2025-12-11 16:13:21,277 - my_web_logger - INFO - Input text: '111111' into element: ('name', 'password')
2025-12-11 16:13:21,299 - my_web_logger - INFO - Element found: ('id', 'remember')
2025-12-11 16:13:21,373 - my_web_logger - INFO - Clicked element: ('id', 'remember')
2025-12-11 16:13:21,385 - my_web_logger - INFO - Element found: ('name', 'submit')
2025-12-11 16:13:21,736 - my_web_logger - INFO - Clicked element: ('name', 'submit')
2025-12-11 16:13:28,344 - my_web_logger - INFO - Opened page: http://192.168.227.129/ecshop/user.php
2025-12-11 16:13:28,399 - my_web_logger - INFO - Element found: ('name', 'username')
2025-12-11 16:13:28,840 - my_web_logger - INFO - Input text: 'zhangtiedan' into element: ('name', 'username')
2025-12-11 16:13:28,921 - my_web_logger - INFO - Element found: ('name', 'password')
2025-12-11 16:13:29,175 - my_web_logger - INFO - Input text: '111111' into element: ('name', 'password')
2025-12-11 16:13:29,217 - my_web_logger - INFO - Element found: ('id', 'remember')
2025-12-11 16:13:29,341 - my_web_logger - INFO - Clicked element: ('id', 'remember')
2025-12-11 16:13:29,362 - my_web_logger - INFO - Element found: ('name', 'submit')
2025-12-11 16:13:29,533 - my_web_logger - INFO - Clicked element: ('name', 'submit')
2025-12-11 16:14:35,294 - my_web_logger - INFO - Opened page: http://192.168.227.129/ecshop/user.php
2025-12-11 16:14:35,317 - my_web_logger - INFO - Element found: ('name', 'username')
2025-12-11 16:14:35,530 - my_web_logger - INFO - Input text: 'zhangtiedan' into element: ('name', 'username')
2025-12-11 16:14:35,546 - my_web_logger - INFO - Element found: ('name', 'password')
2025-12-11 16:14:35,670 - my_web_logger - INFO - Input text: '111111' into element: ('name', 'password')
2025-12-11 16:14:35,690 - my_web_logger - INFO - Element found: ('id', 'remember')
2025-12-11 16:14:35,773 - my_web_logger - INFO - Clicked element: ('id', 'remember')
2025-12-11 16:14:35,791 - my_web_logger - INFO - Element found: ('name', 'submit')
2025-12-11 16:14:36,011 - my_web_logger - INFO - Clicked element: ('name', 'submit')
2025-12-11 16:14:36,130 - my_web_logger - INFO - Element found: ('xpath', '/html/body/div[1]/div[1]/div/div/a[1]')
2025-12-11 16:14:36,714 - my_web_logger - INFO - Clicked element: ('xpath', '/html/body/div[1]/div[1]/div/div/a[1]')
2025-12-11 16:14:42,822 - my_web_logger - INFO - Opened page: http://192.168.227.129/ecshop/user.php
2025-12-11 16:14:42,874 - my_web_logger - INFO - Element found: ('name', 'username')
2025-12-11 16:14:43,585 - my_web_logger - INFO - Input text: 'zhangtiedan' into element: ('name', 'username')
2025-12-11 16:14:43,640 - my_web_logger - INFO - Element found: ('name', 'password')
2025-12-11 16:14:43,891 - my_web_logger - INFO - Input text: '111111' into element: ('name', 'password')
2025-12-11 16:14:43,912 - my_web_logger - INFO - Element found: ('id', 'remember')
2025-12-11 16:14:44,317 - my_web_logger - INFO - Clicked element: ('id', 'remember')
2025-12-11 16:14:44,367 - my_web_logger - INFO - Element found: ('name', 'submit')
2025-12-11 16:14:45,079 - my_web_logger - INFO - Clicked element: ('name', 'submit')
2025-12-11 16:14:45,129 - my_web_logger - INFO - Element found: ('xpath', '/html/body/div[1]/div[1]/div/div/a[1]')
2025-12-11 16:14:46,413 - my_web_logger - INFO - Clicked element: ('xpath', '/html/body/div[1]/div[1]/div/div/a[1]')
2025-12-11 16:16:44,550 - my_web_logger - INFO - Opened page: http://192.168.227.129/ecshop/user.php
2025-12-11 16:16:44,584 - my_web_logger - INFO - Element found: ('name', 'username')
2025-12-11 16:16:44,865 - my_web_logger - INFO - Input text: 'zhangtiedan' into element: ('name', 'username')
2025-12-11 16:16:44,887 - my_web_logger - INFO - Element found: ('name', 'password')
2025-12-11 16:16:45,000 - my_web_logger - INFO - Input text: '111111' into element: ('name', 'password')
2025-12-11 16:16:45,016 - my_web_logger - INFO - Element found: ('id', 'remember')
2025-12-11 16:16:45,124 - my_web_logger - INFO - Clicked element: ('id', 'remember')
2025-12-11 16:16:45,139 - my_web_logger - INFO - Element found: ('name', 'submit')
2025-12-11 16:16:45,467 - my_web_logger - INFO - Clicked element: ('name', 'submit')
2025-12-11 16:16:45,497 - my_web_logger - INFO - Element found: ('xpath', '/html/body/div[1]/div[1]/div/div/a[1]')
2025-12-11 16:16:45,953 - my_web_logger - INFO - Clicked element: ('xpath', '/html/body/div[1]/div[1]/div/div/a[1]')
2025-12-11 16:16:52,325 - my_web_logger - INFO - Opened page: http://192.168.227.129/ecshop/user.php
2025-12-11 16:16:52,398 - my_web_logger - INFO - Element found: ('name', 'username')
2025-12-11 16:16:52,895 - my_web_logger - INFO - Input text: 'zhangtiedan' into element: ('name', 'username')
2025-12-11 16:16:52,947 - my_web_logger - INFO - Element found: ('name', 'password')
2025-12-11 16:16:53,228 - my_web_logger - INFO - Input text: '111111' into element: ('name', 'password')
2025-12-11 16:16:53,249 - my_web_logger - INFO - Element found: ('id', 'remember')
2025-12-11 16:16:53,366 - my_web_logger - INFO - Clicked element: ('id', 'remember')
2025-12-11 16:16:53,391 - my_web_logger - INFO - Element found: ('name', 'submit')
2025-12-11 16:16:53,676 - my_web_logger - INFO - Clicked element: ('name', 'submit')
2025-12-11 16:16:53,898 - my_web_logger - INFO - Element found: ('xpath', '/html/body/div[1]/div[1]/div/div/a[1]')
2025-12-11 16:16:54,656 - my_web_logger - INFO - Clicked element: ('xpath', '/html/body/div[1]/div[1]/div/div/a[1]')
2025-12-11 16:17:53,732 - my_web_logger - INFO - Opened page: http://192.168.227.129/ecshop/user.php
2025-12-11 16:17:53,777 - my_web_logger - INFO - Element found: ('name', 'username')
2025-12-11 16:17:54,151 - my_web_logger - INFO - Input text: 'zhangtiedan' into element: ('name', 'username')
2025-12-11 16:17:54,194 - my_web_logger - INFO - Element found: ('name', 'password')
2025-12-11 16:17:54,331 - my_web_logger - INFO - Input text: '111111' into element: ('name', 'password')
2025-12-11 16:17:54,349 - my_web_logger - INFO - Element found: ('id', 'remember')
2025-12-11 16:17:54,461 - my_web_logger - INFO - Clicked element: ('id', 'remember')
2025-12-11 16:17:54,477 - my_web_logger - INFO - Element found: ('name', 'submit')
2025-12-11 16:17:54,680 - my_web_logger - INFO - Clicked element: ('name', 'submit')
2025-12-11 16:17:54,823 - my_web_logger - INFO - Element found: ('xpath', '/html/body/div[1]/div[1]/div/div/a[1]')
2025-12-11 16:17:55,404 - my_web_logger - INFO - Clicked element: ('xpath', '/html/body/div[1]/div[1]/div/div/a[1]')
2025-12-11 16:17:55,458 - my_web_logger - INFO - Element found: ('xpath', '/html/body/div[5]/div[1]/div/div/div/div/a[6]')
2025-12-11 16:17:55,894 - my_web_logger - INFO - Clicked element: ('xpath', '/html/body/div[5]/div[1]/div/div/div/div/a[6]')
2025-12-11 16:17:55,910 - my_web_logger - INFO - Elements found: ('name', 'msg_type')
2025-12-11 16:17:56,005 - my_web_logger - INFO - Element found: ('name', 'msg_title')
2025-12-11 16:17:56,283 - my_web_logger - INFO - Input text: '自动化' into element: ('name', 'msg_title')
2025-12-11 16:17:56,344 - my_web_logger - INFO - Element found: ('name', 'msg_content')
2025-12-11 16:17:56,499 - my_web_logger - INFO - Input text: '自动化测试' into element: ('name', 'msg_content')
2025-12-11 16:17:56,548 - my_web_logger - INFO - Element found: ('xpath', '/html/body/div[5]/div[2]/div/div/div/form/table/tbody/tr[5]/td[2]/input[2]')
2025-12-11 16:17:57,025 - my_web_logger - INFO - Clicked element: ('xpath', '/html/body/div[5]/div[2]/div/div/div/form/table/tbody/tr[5]/td[2]/input[2]')
2025-12-11 16:18:05,834 - my_web_logger - INFO - Opened page: http://192.168.227.129/ecshop/user.php
2025-12-11 16:18:06,084 - my_web_logger - INFO - Element found: ('name', 'username')
2025-12-11 16:18:06,551 - my_web_logger - INFO - Input text: 'zhangtiedan' into element: ('name', 'username')
2025-12-11 16:18:06,579 - my_web_logger - INFO - Element found: ('name', 'password')
2025-12-11 16:18:06,744 - my_web_logger - INFO - Input text: '111111' into element: ('name', 'password')
2025-12-11 16:18:06,780 - my_web_logger - INFO - Element found: ('id', 'remember')
2025-12-11 16:18:06,923 - my_web_logger - INFO - Clicked element: ('id', 'remember')
2025-12-11 16:18:06,944 - my_web_logger - INFO - Element found: ('name', 'submit')
2025-12-11 16:18:07,213 - my_web_logger - INFO - Clicked element: ('name', 'submit')
2025-12-11 16:18:07,326 - my_web_logger - INFO - Element found: ('xpath', '/html/body/div[1]/div[1]/div/div/a[1]')
2025-12-11 16:18:07,862 - my_web_logger - INFO - Clicked element: ('xpath', '/html/body/div[1]/div[1]/div/div/a[1]')
2025-12-11 16:29:39,644 - my_web_logger - INFO - Opened page: http://192.168.227.129/ecshop/user.php
2025-12-11 16:29:39,689 - my_web_logger - INFO - Element found: ('name', 'username')
2025-12-11 16:29:39,946 - my_web_logger - INFO - Input text: 'zhangtiedan' into element: ('name', 'username')
2025-12-11 16:29:39,961 - my_web_logger - INFO - Element found: ('name', 'password')
2025-12-11 16:29:40,096 - my_web_logger - INFO - Input text: '111111' into element: ('name', 'password')
2025-12-11 16:29:40,116 - my_web_logger - INFO - Element found: ('id', 'remember')
2025-12-11 16:29:40,222 - my_web_logger - INFO - Clicked element: ('id', 'remember')
2025-12-11 16:29:40,239 - my_web_logger - INFO - Element found: ('name', 'submit')
2025-12-11 16:29:40,539 - my_web_logger - INFO - Clicked element: ('name', 'submit')
2025-12-11 16:29:46,167 - my_web_logger - INFO - Opened page: http://192.168.227.129/ecshop/user.php
2025-12-11 16:29:46,199 - my_web_logger - INFO - Element found: ('name', 'username')
2025-12-11 16:29:46,656 - my_web_logger - INFO - Input text: 'zhangtiedan' into element: ('name', 'username')
2025-12-11 16:29:46,681 - my_web_logger - INFO - Element found: ('name', 'password')
2025-12-11 16:29:46,834 - my_web_logger - INFO - Input text: '111111' into element: ('name', 'password')
2025-12-11 16:29:46,848 - my_web_logger - INFO - Element found: ('id', 'remember')
2025-12-11 16:29:46,984 - my_web_logger - INFO - Clicked element: ('id', 'remember')
2025-12-11 16:29:47,014 - my_web_logger - INFO - Element found: ('name', 'submit')
2025-12-11 16:29:47,377 - my_web_logger - INFO - Clicked element: ('name', 'submit')
2025-12-11 16:29:47,511 - my_web_logger - INFO - Element found: ('xpath', '/html/body/div[1]/div[1]/div/div/a[1]')
2025-12-11 16:29:48,478 - my_web_logger - INFO - Clicked element: ('xpath', '/html/body/div[1]/div[1]/div/div/a[1]')
2025-12-11 16:29:48,506 - my_web_logger - INFO - Element found: ('xpath', '/html/body/div[5]/div[1]/div/div/div/div/a[6]')
2025-12-11 16:29:48,988 - my_web_logger - INFO - Clicked element: ('xpath', '/html/body/div[5]/div[1]/div/div/div/div/a[6]')
2025-12-11 16:29:49,021 - my_web_logger - INFO - Elements found: ('name', 'msg_type')
2025-12-11 16:29:49,111 - my_web_logger - INFO - Element found: ('name', 'msg_title')
2025-12-11 16:29:49,383 - my_web_logger - INFO - Input text: '' into element: ('name', 'msg_title')
2025-12-11 16:29:49,413 - my_web_logger - INFO - Element found: ('name', 'msg_content')
2025-12-11 16:29:49,586 - my_web_logger - INFO - Input text: '自动化测试' into element: ('name', 'msg_content')
2025-12-11 16:29:49,609 - my_web_logger - INFO - Element found: ('xpath', '/html/body/div[5]/div[2]/div/div/div/form/table/tbody/tr[5]/td[2]/input[2]')
2025-12-11 16:29:49,750 - my_web_logger - INFO - Clicked element: ('xpath', '/html/body/div[5]/div[2]/div/div/div/form/table/tbody/tr[5]/td[2]/input[2]')
2025-12-11 16:32:30,845 - my_web_logger - INFO - Opened page: http://192.168.227.129/ecshop/user.php
2025-12-11 16:32:30,876 - my_web_logger - INFO - Element found: ('name', 'username')
2025-12-11 16:32:31,444 - my_web_logger - INFO - Input text: 'zhangtiedan' into element: ('name', 'username')
2025-12-11 16:32:31,481 - my_web_logger - INFO - Element found: ('name', 'password')
2025-12-11 16:32:31,695 - my_web_logger - INFO - Input text: '111111' into element: ('name', 'password')
2025-12-11 16:32:31,740 - my_web_logger - INFO - Element found: ('id', 'remember')
2025-12-11 16:32:31,877 - my_web_logger - INFO - Clicked element: ('id', 'remember')
2025-12-11 16:32:31,896 - my_web_logger - INFO - Element found: ('name', 'submit')
2025-12-11 16:32:32,162 - my_web_logger - INFO - Clicked element: ('name', 'submit')
2025-12-11 17:12:34,995 - my_web_logger - INFO - Opened page: http://192.168.227.129/ecshop/user.php
2025-12-11 17:12:35,035 - my_web_logger - INFO - Element found: ('name', 'username')
2025-12-11 17:12:35,271 - my_web_logger - INFO - Input text: 'zhangtiedan' into element: ('name', 'username')
2025-12-11 17:12:35,282 - my_web_logger - INFO - Element found: ('name', 'password')
2025-12-11 17:12:35,386 - my_web_logger - INFO - Input text: '111111' into element: ('name', 'password')
2025-12-11 17:12:35,407 - my_web_logger - INFO - Element found: ('id', 'remember')
2025-12-11 17:12:35,486 - my_web_logger - INFO - Clicked element: ('id', 'remember')
2025-12-11 17:12:35,514 - my_web_logger - INFO - Element found: ('name', 'submit')
2025-12-11 17:12:35,720 - my_web_logger - INFO - Clicked element: ('name', 'submit')
2025-12-11 17:12:35,867 - my_web_logger - INFO - Element found: ('xpath', '/html/body/div[1]/div[1]/div/div/a[1]')
2025-12-11 17:12:36,524 - my_web_logger - INFO - Clicked element: ('xpath', '/html/body/div[1]/div[1]/div/div/a[1]')
2025-12-11 17:12:36,544 - my_web_logger - INFO - Element found: ('xpath', '/html/body/div[5]/div[1]/div/div/div/div/a[6]')
2025-12-11 17:12:36,851 - my_web_logger - INFO - Clicked element: ('xpath', '/html/body/div[5]/div[1]/div/div/div/div/a[6]')
2025-12-11 17:12:36,865 - my_web_logger - INFO - Elements found: ('name', 'msg_type')
2025-12-11 17:12:36,952 - my_web_logger - INFO - Element found: ('name', 'msg_title')
2025-12-11 17:12:37,334 - my_web_logger - INFO - Input text: '自动化' into element: ('name', 'msg_title')
2025-12-11 17:12:37,367 - my_web_logger - INFO - Element found: ('name', 'msg_content')
2025-12-11 17:12:37,486 - my_web_logger - INFO - Input text: '自动化测试' into element: ('name', 'msg_content')
2025-12-11 17:12:37,510 - my_web_logger - INFO - Element found: ('xpath', '/html/body/div[5]/div[2]/div/div/div/form/table/tbody/tr[5]/td[2]/input[2]')
2025-12-11 17:12:37,632 - my_web_logger - INFO - Clicked element: ('xpath', '/html/body/div[5]/div[2]/div/div/div/form/table/tbody/tr[5]/td[2]/input[2]')
2025-12-11 17:12:45,465 - my_web_logger - INFO - Opened page: http://192.168.227.129/ecshop/user.php
2025-12-11 17:12:45,577 - my_web_logger - INFO - Element found: ('name', 'username')
2025-12-11 17:12:45,991 - my_web_logger - INFO - Input text: 'zhangtiedan' into element: ('name', 'username')
2025-12-11 17:12:46,029 - my_web_logger - INFO - Element found: ('name', 'password')
2025-12-11 17:12:46,313 - my_web_logger - INFO - Input text: '111111' into element: ('name', 'password')
2025-12-11 17:12:46,335 - my_web_logger - INFO - Element found: ('id', 'remember')
2025-12-11 17:12:46,495 - my_web_logger - INFO - Clicked element: ('id', 'remember')
2025-12-11 17:12:46,513 - my_web_logger - INFO - Element found: ('name', 'submit')
2025-12-11 17:12:47,132 - my_web_logger - INFO - Clicked element: ('name', 'submit')
2025-12-11 17:12:47,196 - my_web_logger - INFO - Element found: ('xpath', '/html/body/div[1]/div[1]/div/div/a[1]')
2025-12-11 17:12:47,933 - my_web_logger - INFO - Clicked element: ('xpath', '/html/body/div[1]/div[1]/div/div/a[1]')
2025-12-11 17:12:47,974 - my_web_logger - INFO - Element found: ('xpath', '/html/body/div[5]/div[1]/div/div/div/div/a[6]')
2025-12-11 17:12:48,395 - my_web_logger - INFO - Clicked element: ('xpath', '/html/body/div[5]/div[1]/div/div/div/div/a[6]')
2025-12-11 17:12:48,446 - my_web_logger - INFO - Elements found: ('name', 'msg_type')
2025-12-11 17:12:48,832 - my_web_logger - INFO - Element found: ('name', 'msg_title')
2025-12-11 17:12:49,051 - my_web_logger - INFO - Input text: '自动化' into element: ('name', 'msg_title')
2025-12-11 17:12:49,311 - my_web_logger - INFO - Element found: ('name', 'msg_content')
2025-12-11 17:12:49,902 - my_web_logger - INFO - Input text: '自动化测试' into element: ('name', 'msg_content')
2025-12-11 17:12:49,929 - my_web_logger - INFO - Element found: ('xpath', '/html/body/div[5]/div[2]/div/div/div/form/table/tbody/tr[5]/td[2]/input[2]')
2025-12-11 17:12:50,132 - my_web_logger - INFO - Clicked element: ('xpath', '/html/body/div[5]/div[2]/div/div/div/form/table/tbody/tr[5]/td[2]/input[2]')
2025-12-11 17:22:15,752 - my_web_logger - INFO - Opened page: http://192.168.227.129/ecshop/user.php
2025-12-11 17:22:15,807 - my_web_logger - INFO - Element found: ('name', 'username')
2025-12-11 17:22:16,106 - my_web_logger - INFO - Input text: 'zhangtiedan' into element: ('name', 'username')
2025-12-11 17:22:16,120 - my_web_logger - INFO - Element found: ('name', 'password')
2025-12-11 17:22:16,240 - my_web_logger - INFO - Input text: '111111' into element: ('name', 'password')
2025-12-11 17:22:16,253 - my_web_logger - INFO - Element found: ('id', 'remember')
2025-12-11 17:22:16,359 - my_web_logger - INFO - Clicked element: ('id', 'remember')
2025-12-11 17:22:16,375 - my_web_logger - INFO - Element found: ('name', 'submit')
2025-12-11 17:22:16,817 - my_web_logger - INFO - Clicked element: ('name', 'submit')
2025-12-11 17:22:16,868 - my_web_logger - INFO - Element found: ('xpath', '/html/body/div[1]/div[1]/div/div/a[1]')
2025-12-11 17:22:17,454 - my_web_logger - INFO - Clicked element: ('xpath', '/html/body/div[1]/div[1]/div/div/a[1]')
2025-12-11 17:22:17,490 - my_web_logger - INFO - Element found: ('xpath', '/html/body/div[5]/div[1]/div/div/div/div/a[6]')
2025-12-11 17:22:17,906 - my_web_logger - INFO - Clicked element: ('xpath', '/html/body/div[5]/div[1]/div/div/div/div/a[6]')
2025-12-11 17:22:17,925 - my_web_logger - INFO - Elements found: ('name', 'msg_type')
2025-12-11 17:22:18,048 - my_web_logger - INFO - Element found: ('name', 'msg_title')
2025-12-11 17:22:18,376 - my_web_logger - INFO - Input text: '世界你好' into element: ('name', 'msg_title')
2025-12-11 17:22:18,419 - my_web_logger - INFO - Element found: ('name', 'msg_content')
2025-12-11 17:22:18,572 - my_web_logger - INFO - Input text: 'helloworld' into element: ('name', 'msg_content')
2025-12-11 17:22:18,620 - my_web_logger - INFO - Element found: ('xpath', '/html/body/div[5]/div[2]/div/div/div/form/table/tbody/tr[5]/td[2]/input[2]')
2025-12-11 17:22:19,019 - my_web_logger - INFO - Clicked element: ('xpath', '/html/body/div[5]/div[2]/div/div/div/form/table/tbody/tr[5]/td[2]/input[2]')
2025-12-11 17:22:25,811 - my_web_logger - INFO - Opened page: http://192.168.227.129/ecshop/user.php
2025-12-11 17:22:25,868 - my_web_logger - INFO - Element found: ('name', 'username')
2025-12-11 17:22:26,358 - my_web_logger - INFO - Input text: 'zhangtiedan' into element: ('name', 'username')
2025-12-11 17:22:26,399 - my_web_logger - INFO - Element found: ('name', 'password')
2025-12-11 17:22:26,603 - my_web_logger - INFO - Input text: '111111' into element: ('name', 'password')
2025-12-11 17:22:26,653 - my_web_logger - INFO - Element found: ('id', 'remember')
2025-12-11 17:22:26,811 - my_web_logger - INFO - Clicked element: ('id', 'remember')
2025-12-11 17:22:26,847 - my_web_logger - INFO - Element found: ('name', 'submit')
2025-12-11 17:22:27,603 - my_web_logger - INFO - Clicked element: ('name', 'submit')
2025-12-11 17:22:27,791 - my_web_logger - INFO - Element found: ('xpath', '/html/body/div[1]/div[1]/div/div/a[1]')
2025-12-11 17:22:28,655 - my_web_logger - INFO - Clicked element: ('xpath', '/html/body/div[1]/div[1]/div/div/a[1]')
2025-12-11 17:22:28,706 - my_web_logger - INFO - Element found: ('xpath', '/html/body/div[5]/div[1]/div/div/div/div/a[6]')
2025-12-11 17:22:30,402 - my_web_logger - INFO - Clicked element: ('xpath', '/html/body/div[5]/div[1]/div/div/div/div/a[6]')
2025-12-11 17:22:30,524 - my_web_logger - INFO - Elements found: ('name', 'msg_type')
2025-12-11 17:22:31,104 - my_web_logger - INFO - Element found: ('name', 'msg_title')
2025-12-11 17:22:31,555 - my_web_logger - INFO - Input text: '' into element: ('name', 'msg_title')
2025-12-11 17:22:31,709 - my_web_logger - INFO - Element found: ('name', 'msg_content')
2025-12-11 17:22:32,186 - my_web_logger - INFO - Input text: 'hellworld' into element: ('name', 'msg_content')
2025-12-11 17:22:32,248 - my_web_logger - INFO - Element found: ('xpath', '/html/body/div[5]/div[2]/div/div/div/form/table/tbody/tr[5]/td[2]/input[2]')
2025-12-11 17:22:32,491 - my_web_logger - INFO - Clicked element: ('xpath', '/html/body/div[5]/div[2]/div/div/div/form/table/tbody/tr[5]/td[2]/input[2]')
2025-12-11 17:22:37,810 - my_web_logger - INFO - Opened page: http://192.168.227.129/ecshop/user.php
2025-12-11 17:22:37,851 - my_web_logger - INFO - Element found: ('name', 'username')
2025-12-11 17:22:38,333 - my_web_logger - INFO - Input text: 'zhangtiedan' into element: ('name', 'username')
2025-12-11 17:22:38,355 - my_web_logger - INFO - Element found: ('name', 'password')
2025-12-11 17:22:38,506 - my_web_logger - INFO - Input text: '111111' into element: ('name', 'password')
2025-12-11 17:22:38,532 - my_web_logger - INFO - Element found: ('id', 'remember')
2025-12-11 17:22:38,633 - my_web_logger - INFO - Clicked element: ('id', 'remember')
2025-12-11 17:22:38,655 - my_web_logger - INFO - Element found: ('name', 'submit')
2025-12-11 17:22:38,875 - my_web_logger - INFO - Clicked element: ('name', 'submit')
2025-12-11 17:22:39,058 - my_web_logger - INFO - Element found: ('xpath', '/html/body/div[1]/div[1]/div/div/a[1]')
2025-12-11 17:22:39,739 - my_web_logger - INFO - Clicked element: ('xpath', '/html/body/div[1]/div[1]/div/div/a[1]')
2025-12-11 17:22:39,805 - my_web_logger - INFO - Element found: ('xpath', '/html/body/div[5]/div[1]/div/div/div/div/a[6]')
2025-12-11 17:22:40,170 - my_web_logger - INFO - Clicked element: ('xpath', '/html/body/div[5]/div[1]/div/div/div/div/a[6]')
2025-12-11 17:22:40,191 - my_web_logger - INFO - Elements found: ('name', 'msg_type')
2025-12-11 17:22:40,315 - my_web_logger - INFO - Element found: ('name', 'msg_title')
2025-12-11 17:22:40,653 - my_web_logger - INFO - Input text: '世界你好' into element: ('name', 'msg_title')
2025-12-11 17:22:40,690 - my_web_logger - INFO - Element found: ('name', 'msg_content')
2025-12-11 17:22:40,857 - my_web_logger - INFO - Input text: '' into element: ('name', 'msg_content')
2025-12-11 17:22:40,907 - my_web_logger - INFO - Element found: ('xpath', '/html/body/div[5]/div[2]/div/div/div/form/table/tbody/tr[5]/td[2]/input[2]')
2025-12-11 17:22:41,014 - my_web_logger - INFO - Clicked element: ('xpath', '/html/body/div[5]/div[2]/div/div/div/form/table/tbody/tr[5]/td[2]/input[2]')
2025-12-11 17:28:56,146 - my_web_logger - INFO - Opened page: http://192.168.227.129/ecshop/user.php
2025-12-11 17:28:56,197 - my_web_logger - INFO - Element found: ('name', 'username')
2025-12-11 17:28:56,622 - my_web_logger - INFO - Input text: 'zhangtiedan' into element: ('name', 'username')
2025-12-11 17:28:56,671 - my_web_logger - INFO - Element found: ('name', 'password')
2025-12-11 17:28:56,847 - my_web_logger - INFO - Input text: '111111' into element: ('name', 'password')
2025-12-11 17:28:56,876 - my_web_logger - INFO - Element found: ('id', 'remember')
2025-12-11 17:28:56,983 - my_web_logger - INFO - Clicked element: ('id', 'remember')
2025-12-11 17:28:57,000 - my_web_logger - INFO - Element found: ('name', 'submit')
2025-12-11 17:28:57,252 - my_web_logger - INFO - Clicked element: ('name', 'submit')
2025-12-11 17:28:57,383 - my_web_logger - INFO - Element found: ('xpath', '/html/body/div[1]/div[1]/div/div/a[1]')
2025-12-11 17:28:57,929 - my_web_logger - INFO - Clicked element: ('xpath', '/html/body/div[1]/div[1]/div/div/a[1]')
2025-12-11 17:28:57,981 - my_web_logger - INFO - Element found: ('xpath', '/html/body/div[5]/div[1]/div/div/div/div/a[6]')
2025-12-11 17:28:58,496 - my_web_logger - INFO - Clicked element: ('xpath', '/html/body/div[5]/div[1]/div/div/div/div/a[6]')
2025-12-11 17:28:58,513 - my_web_logger - INFO - Elements found: ('name', 'msg_type')
2025-12-11 17:28:58,630 - my_web_logger - INFO - Element found: ('name', 'msg_title')
2025-12-11 17:28:59,230 - my_web_logger - INFO - Input text: '世界你好' into element: ('name', 'msg_title')
2025-12-11 17:28:59,630 - my_web_logger - INFO - Element found: ('name', 'msg_content')
2025-12-11 17:28:59,813 - my_web_logger - INFO - Input text: 'helloworld' into element: ('name', 'msg_content')
2025-12-11 17:28:59,873 - my_web_logger - INFO - Element found: ('xpath', '/html/body/div[5]/div[2]/div/div/div/form/table/tbody/tr[5]/td[2]/input[2]')
2025-12-11 17:29:00,261 - my_web_logger - INFO - Clicked element: ('xpath', '/html/body/div[5]/div[2]/div/div/div/form/table/tbody/tr[5]/td[2]/input[2]')
2025-12-11 17:29:03,967 - my_web_logger - INFO - Element found: ('xpath', '/html/body/div[5]/div[2]/div/div/div/div[2]/font')
2025-12-11 17:29:04,032 - my_web_logger - INFO - Got text: '世界你好' from element: ('xpath', '/html/body/div[5]/div[2]/div/div/div/div[2]/font')
2025-12-11 17:29:04,347 - my_web_logger - INFO - Screenshot saved as: E:\pycharmworkspace\auto_web_20251210\pictures\MyLeaveTextPage20251211172904.png
2025-12-11 17:29:13,618 - my_web_logger - INFO - Opened page: http://192.168.227.129/ecshop/user.php
2025-12-11 17:29:13,710 - my_web_logger - INFO - Element found: ('name', 'username')
2025-12-11 17:29:14,097 - my_web_logger - INFO - Input text: 'zhangtiedan' into element: ('name', 'username')
2025-12-11 17:29:14,119 - my_web_logger - INFO - Element found: ('name', 'password')
2025-12-11 17:29:14,270 - my_web_logger - INFO - Input text: '111111' into element: ('name', 'password')
2025-12-11 17:29:14,290 - my_web_logger - INFO - Element found: ('id', 'remember')
2025-12-11 17:29:14,396 - my_web_logger - INFO - Clicked element: ('id', 'remember')
2025-12-11 17:29:14,411 - my_web_logger - INFO - Element found: ('name', 'submit')
2025-12-11 17:29:14,635 - my_web_logger - INFO - Clicked element: ('name', 'submit')
2025-12-11 17:29:14,754 - my_web_logger - INFO - Element found: ('xpath', '/html/body/div[1]/div[1]/div/div/a[1]')
2025-12-11 17:29:15,330 - my_web_logger - INFO - Clicked element: ('xpath', '/html/body/div[1]/div[1]/div/div/a[1]')
2025-12-11 17:29:15,430 - my_web_logger - INFO - Element found: ('xpath', '/html/body/div[5]/div[1]/div/div/div/div/a[6]')
2025-12-11 17:29:15,818 - my_web_logger - INFO - Clicked element: ('xpath', '/html/body/div[5]/div[1]/div/div/div/div/a[6]')
2025-12-11 17:29:15,834 - my_web_logger - INFO - Elements found: ('name', 'msg_type')
2025-12-11 17:29:15,983 - my_web_logger - INFO - Element found: ('name', 'msg_title')
2025-12-11 17:29:16,233 - my_web_logger - INFO - Input text: '' into element: ('name', 'msg_title')
2025-12-11 17:29:16,291 - my_web_logger - INFO - Element found: ('name', 'msg_content')
2025-12-11 17:29:16,427 - my_web_logger - INFO - Input text: 'hellworld' into element: ('name', 'msg_content')
2025-12-11 17:29:16,481 - my_web_logger - INFO - Element found: ('xpath', '/html/body/div[5]/div[2]/div/div/div/form/table/tbody/tr[5]/td[2]/input[2]')
2025-12-11 17:29:16,691 - my_web_logger - INFO - Clicked element: ('xpath', '/html/body/div[5]/div[2]/div/div/div/form/table/tbody/tr[5]/td[2]/input[2]')
2025-12-11 17:29:16,693 - my_web_logger - INFO - Alert text: 留言标题为空

2025-12-11 17:29:16,760 - my_web_logger - INFO - Alert accepted
2025-12-11 17:29:17,127 - my_web_logger - INFO - Screenshot saved as: E:\pycharmworkspace\auto_web_20251210\pictures\MyLeaveTextPage20251211172916.png
2025-12-11 17:29:24,392 - my_web_logger - INFO - Opened page: http://192.168.227.129/ecshop/user.php
2025-12-11 17:29:24,445 - my_web_logger - INFO - Element found: ('name', 'username')
2025-12-11 17:29:24,799 - my_web_logger - INFO - Input text: 'zhangtiedan' into element: ('name', 'username')
2025-12-11 17:29:24,818 - my_web_logger - INFO - Element found: ('name', 'password')
2025-12-11 17:29:24,973 - my_web_logger - INFO - Input text: '111111' into element: ('name', 'password')
2025-12-11 17:29:24,995 - my_web_logger - INFO - Element found: ('id', 'remember')
2025-12-11 17:29:25,095 - my_web_logger - INFO - Clicked element: ('id', 'remember')
2025-12-11 17:29:25,114 - my_web_logger - INFO - Element found: ('name', 'submit')
2025-12-11 17:29:25,342 - my_web_logger - INFO - Clicked element: ('name', 'submit')
2025-12-11 17:29:25,448 - my_web_logger - INFO - Element found: ('xpath', '/html/body/div[1]/div[1]/div/div/a[1]')
2025-12-11 17:29:26,134 - my_web_logger - INFO - Clicked element: ('xpath', '/html/body/div[1]/div[1]/div/div/a[1]')
2025-12-11 17:29:26,184 - my_web_logger - INFO - Element found: ('xpath', '/html/body/div[5]/div[1]/div/div/div/div/a[6]')
2025-12-11 17:29:26,594 - my_web_logger - INFO - Clicked element: ('xpath', '/html/body/div[5]/div[1]/div/div/div/div/a[6]')
2025-12-11 17:29:26,612 - my_web_logger - INFO - Elements found: ('name', 'msg_type')
2025-12-11 17:29:26,710 - my_web_logger - INFO - Element found: ('name', 'msg_title')
2025-12-11 17:29:27,081 - my_web_logger - INFO - Input text: '世界你好' into element: ('name', 'msg_title')
2025-12-11 17:29:27,161 - my_web_logger - INFO - Element found: ('name', 'msg_content')
2025-12-11 17:29:27,406 - my_web_logger - INFO - Input text: '' into element: ('name', 'msg_content')
2025-12-11 17:29:27,441 - my_web_logger - INFO - Element found: ('xpath', '/html/body/div[5]/div[2]/div/div/div/form/table/tbody/tr[5]/td[2]/input[2]')
2025-12-11 17:29:27,551 - my_web_logger - INFO - Clicked element: ('xpath', '/html/body/div[5]/div[2]/div/div/div/form/table/tbody/tr[5]/td[2]/input[2]')
2025-12-11 17:29:27,553 - my_web_logger - INFO - Alert text: 留言内容为空

2025-12-11 17:29:27,577 - my_web_logger - INFO - Alert accepted
2025-12-11 17:29:27,990 - my_web_logger - INFO - Screenshot saved as: E:\pycharmworkspace\auto_web_20251210\pictures\MyLeaveTextPage20251211172927.png
2025-12-11 17:32:23,947 - my_web_logger - INFO - Opened page: http://192.168.227.129/ecshop/user.php
2025-12-11 17:32:24,000 - my_web_logger - INFO - Element found: ('name', 'username')
2025-12-11 17:32:24,428 - my_web_logger - INFO - Input text: 'zhangtiedan' into element: ('name', 'username')
2025-12-11 17:32:24,473 - my_web_logger - INFO - Element found: ('name', 'password')
2025-12-11 17:32:24,580 - my_web_logger - INFO - Input text: '111111' into element: ('name', 'password')
2025-12-11 17:32:24,602 - my_web_logger - INFO - Element found: ('id', 'remember')
2025-12-11 17:32:24,714 - my_web_logger - INFO - Clicked element: ('id', 'remember')
2025-12-11 17:32:24,730 - my_web_logger - INFO - Element found: ('name', 'submit')
2025-12-11 17:32:24,969 - my_web_logger - INFO - Clicked element: ('name', 'submit')
2025-12-11 17:32:25,134 - my_web_logger - INFO - Element found: ('xpath', '/html/body/div[1]/div[1]/div/div/a[1]')
2025-12-11 17:32:25,818 - my_web_logger - INFO - Clicked element: ('xpath', '/html/body/div[1]/div[1]/div/div/a[1]')
2025-12-11 17:32:25,899 - my_web_logger - INFO - Element found: ('xpath', '/html/body/div[5]/div[1]/div/div/div/div/a[6]')
2025-12-11 17:32:26,343 - my_web_logger - INFO - Clicked element: ('xpath', '/html/body/div[5]/div[1]/div/div/div/div/a[6]')
2025-12-11 17:32:26,359 - my_web_logger - INFO - Elements found: ('name', 'msg_type')
2025-12-11 17:32:26,457 - my_web_logger - INFO - Element found: ('name', 'msg_title')
2025-12-11 17:32:26,781 - my_web_logger - INFO - Input text: '世界你好' into element: ('name', 'msg_title')
2025-12-11 17:32:27,019 - my_web_logger - INFO - Element found: ('name', 'msg_content')
2025-12-11 17:32:27,685 - my_web_logger - INFO - Input text: 'helloworld' into element: ('name', 'msg_content')
2025-12-11 17:32:27,715 - my_web_logger - INFO - Element found: ('xpath', '/html/body/div[5]/div[2]/div/div/div/form/table/tbody/tr[5]/td[2]/input[2]')
2025-12-11 17:32:28,311 - my_web_logger - INFO - Clicked element: ('xpath', '/html/body/div[5]/div[2]/div/div/div/form/table/tbody/tr[5]/td[2]/input[2]')
2025-12-11 17:32:32,091 - my_web_logger - INFO - Element found: ('xpath', '/html/body/div[5]/div[2]/div/div/div/div[2]/font')
2025-12-11 17:32:32,211 - my_web_logger - INFO - Got text: '世界你好' from element: ('xpath', '/html/body/div[5]/div[2]/div/div/div/div[2]/font')
2025-12-11 17:32:32,564 - my_web_logger - INFO - Screenshot saved as: E:\pycharmworkspace\auto_web_20251210\pictures\MyLeaveTextPage20251211173232.png
2025-12-11 17:32:41,406 - my_web_logger - INFO - Opened page: http://192.168.227.129/ecshop/user.php
2025-12-11 17:32:41,434 - my_web_logger - INFO - Element found: ('name', 'username')
2025-12-11 17:32:41,822 - my_web_logger - INFO - Input text: 'zhangtiedan' into element: ('name', 'username')
2025-12-11 17:32:41,851 - my_web_logger - INFO - Element found: ('name', 'password')
2025-12-11 17:32:42,018 - my_web_logger - INFO - Input text: '111111' into element: ('name', 'password')
2025-12-11 17:32:42,054 - my_web_logger - INFO - Element found: ('id', 'remember')
2025-12-11 17:32:42,138 - my_web_logger - INFO - Clicked element: ('id', 'remember')
2025-12-11 17:32:42,156 - my_web_logger - INFO - Element found: ('name', 'submit')
2025-12-11 17:32:42,486 - my_web_logger - INFO - Clicked element: ('name', 'submit')
2025-12-11 17:32:42,566 - my_web_logger - INFO - Element found: ('xpath', '/html/body/div[1]/div[1]/div/div/a[1]')
2025-12-11 17:32:43,151 - my_web_logger - INFO - Clicked element: ('xpath', '/html/body/div[1]/div[1]/div/div/a[1]')
2025-12-11 17:32:43,178 - my_web_logger - INFO - Element found: ('xpath', '/html/body/div[5]/div[1]/div/div/div/div/a[6]')
2025-12-11 17:32:43,714 - my_web_logger - INFO - Clicked element: ('xpath', '/html/body/div[5]/div[1]/div/div/div/div/a[6]')
2025-12-11 17:32:43,729 - my_web_logger - INFO - Elements found: ('name', 'msg_type')
2025-12-11 17:32:43,832 - my_web_logger - INFO - Element found: ('name', 'msg_title')
2025-12-11 17:32:44,193 - my_web_logger - INFO - Input text: '' into element: ('name', 'msg_title')
2025-12-11 17:32:44,275 - my_web_logger - INFO - Element found: ('name', 'msg_content')
2025-12-11 17:32:44,476 - my_web_logger - INFO - Input text: 'hellworld' into element: ('name', 'msg_content')
2025-12-11 17:32:44,530 - my_web_logger - INFO - Element found: ('xpath', '/html/body/div[5]/div[2]/div/div/div/form/table/tbody/tr[5]/td[2]/input[2]')
2025-12-11 17:32:44,660 - my_web_logger - INFO - Clicked element: ('xpath', '/html/body/div[5]/div[2]/div/div/div/form/table/tbody/tr[5]/td[2]/input[2]')
2025-12-11 17:32:44,662 - my_web_logger - INFO - Alert text: 留言标题为空

2025-12-11 17:32:44,715 - my_web_logger - INFO - Alert accepted
2025-12-11 17:32:45,119 - my_web_logger - INFO - Screenshot saved as: E:\pycharmworkspace\auto_web_20251210\pictures\MyLeaveTextPage20251211173244.png
2025-12-11 17:32:53,646 - my_web_logger - INFO - Opened page: http://192.168.227.129/ecshop/user.php
2025-12-11 17:32:53,696 - my_web_logger - INFO - Element found: ('name', 'username')
2025-12-11 17:32:54,116 - my_web_logger - INFO - Input text: 'zhangtiedan' into element: ('name', 'username')
2025-12-11 17:32:54,138 - my_web_logger - INFO - Element found: ('name', 'password')
2025-12-11 17:32:54,273 - my_web_logger - INFO - Input text: '111111' into element: ('name', 'password')
2025-12-11 17:32:54,305 - my_web_logger - INFO - Element found: ('id', 'remember')
2025-12-11 17:32:54,422 - my_web_logger - INFO - Clicked element: ('id', 'remember')
2025-12-11 17:32:54,442 - my_web_logger - INFO - Element found: ('name', 'submit')
2025-12-11 17:32:54,850 - my_web_logger - INFO - Clicked element: ('name', 'submit')
2025-12-11 17:32:54,981 - my_web_logger - INFO - Element found: ('xpath', '/html/body/div[1]/div[1]/div/div/a[1]')
2025-12-11 17:32:55,629 - my_web_logger - INFO - Clicked element: ('xpath', '/html/body/div[1]/div[1]/div/div/a[1]')
2025-12-11 17:32:55,726 - my_web_logger - INFO - Element found: ('xpath', '/html/body/div[5]/div[1]/div/div/div/div/a[6]')
2025-12-11 17:32:56,181 - my_web_logger - INFO - Clicked element: ('xpath', '/html/body/div[5]/div[1]/div/div/div/div/a[6]')
2025-12-11 17:32:56,204 - my_web_logger - INFO - Elements found: ('name', 'msg_type')
2025-12-11 17:32:56,351 - my_web_logger - INFO - Element found: ('name', 'msg_title')
2025-12-11 17:32:56,668 - my_web_logger - INFO - Input text: '世界你好' into element: ('name', 'msg_title')
2025-12-11 17:32:56,691 - my_web_logger - INFO - Element found: ('name', 'msg_content')
2025-12-11 17:32:56,935 - my_web_logger - INFO - Input text: '' into element: ('name', 'msg_content')
2025-12-11 17:32:56,984 - my_web_logger - INFO - Element found: ('xpath', '/html/body/div[5]/div[2]/div/div/div/form/table/tbody/tr[5]/td[2]/input[2]')
2025-12-11 17:32:57,146 - my_web_logger - INFO - Clicked element: ('xpath', '/html/body/div[5]/div[2]/div/div/div/form/table/tbody/tr[5]/td[2]/input[2]')
2025-12-11 17:32:57,149 - my_web_logger - INFO - Alert text: 留言内容为空

2025-12-11 17:32:57,183 - my_web_logger - INFO - Alert accepted
2025-12-11 17:32:57,512 - my_web_logger - INFO - Screenshot saved as: E:\pycharmworkspace\auto_web_20251210\pictures\MyLeaveTextPage20251211173257.png
2025-12-11 17:33:04,908 - my_web_logger - INFO - Opened page: http://192.168.227.129/ecshop/user.php
2025-12-11 17:33:04,985 - my_web_logger - INFO - Element found: ('name', 'username')
2025-12-11 17:33:05,311 - my_web_logger - INFO - Input text: 'zhangtiedan' into element: ('name', 'username')
2025-12-11 17:33:05,342 - my_web_logger - INFO - Element found: ('name', 'password')
2025-12-11 17:33:05,527 - my_web_logger - INFO - Input text: '111111' into element: ('name', 'password')
2025-12-11 17:33:05,576 - my_web_logger - INFO - Element found: ('id', 'remember')
2025-12-11 17:33:05,667 - my_web_logger - INFO - Clicked element: ('id', 'remember')
2025-12-11 17:33:05,682 - my_web_logger - INFO - Element found: ('name', 'submit')
2025-12-11 17:33:05,784 - my_web_logger - INFO - Clicked element: ('name', 'submit')
2025-12-11 17:33:11,674 - my_web_logger - INFO - Opened page: http://192.168.227.129/ecshop/user.php
2025-12-11 17:33:11,813 - my_web_logger - INFO - Element found: ('name', 'username')
2025-12-11 17:33:12,361 - my_web_logger - INFO - Input text: 'zhangtiedan' into element: ('name', 'username')
2025-12-11 17:33:12,431 - my_web_logger - INFO - Element found: ('name', 'password')
2025-12-11 17:33:12,667 - my_web_logger - INFO - Input text: '111111' into element: ('name', 'password')
2025-12-11 17:33:12,722 - my_web_logger - INFO - Element found: ('id', 'remember')
2025-12-11 17:33:12,929 - my_web_logger - INFO - Clicked element: ('id', 'remember')
2025-12-11 17:33:12,966 - my_web_logger - INFO - Element found: ('name', 'submit')
2025-12-11 17:33:13,550 - my_web_logger - INFO - Clicked element: ('name', 'submit')
2025-12-11 17:33:13,799 - my_web_logger - INFO - Element found: ('xpath', '//*[@id="ECS_MEMBERZONE"]/a[1]')
2025-12-11 17:33:14,013 - my_web_logger - INFO - Got text: 'zhangtiedan' from element: ('xpath', '//*[@id="ECS_MEMBERZONE"]/a[1]')
2025-12-11 17:33:15,352 - my_web_logger - INFO - Screenshot saved as: E:\pycharmworkspace\auto_web_20251210\pictures\LoginPage20251211173315.png
2025-12-11 17:33:23,010 - my_web_logger - INFO - Opened page: http://192.168.227.129/ecshop/user.php
2025-12-11 17:33:23,070 - my_web_logger - INFO - Element found: ('name', 'username')
2025-12-11 17:33:23,417 - my_web_logger - INFO - Input text: 'zhangtiedan' into element: ('name', 'username')
2025-12-11 17:33:23,435 - my_web_logger - INFO - Element found: ('name', 'password')
2025-12-11 17:33:23,648 - my_web_logger - INFO - Input text: '111111' into element: ('name', 'password')
2025-12-11 17:33:23,676 - my_web_logger - INFO - Element found: ('id', 'remember')
2025-12-11 17:33:23,800 - my_web_logger - INFO - Clicked element: ('id', 'remember')
2025-12-11 17:33:23,825 - my_web_logger - INFO - Element found: ('name', 'submit')
2025-12-11 17:33:24,104 - my_web_logger - INFO - Clicked element: ('name', 'submit')
2025-12-11 17:33:29,933 - my_web_logger - INFO - Opened page: http://192.168.227.129/ecshop/user.php
2025-12-11 17:33:30,065 - my_web_logger - INFO - Element found: ('name', 'username')
2025-12-11 17:33:30,520 - my_web_logger - INFO - Input text: '' into element: ('name', 'username')
2025-12-11 17:33:30,559 - my_web_logger - INFO - Element found: ('name', 'password')
2025-12-11 17:33:30,868 - my_web_logger - INFO - Input text: '111111' into element: ('name', 'password')
2025-12-11 17:33:30,910 - my_web_logger - INFO - Element found: ('id', 'remember')
2025-12-11 17:33:31,082 - my_web_logger - INFO - Clicked element: ('id', 'remember')
2025-12-11 17:33:31,143 - my_web_logger - INFO - Element found: ('name', 'submit')
2025-12-11 17:33:31,321 - my_web_logger - INFO - Clicked element: ('name', 'submit')
2025-12-11 17:33:31,325 - my_web_logger - INFO - Alert text: - 用户名不能为空。

2025-12-11 17:33:31,366 - my_web_logger - INFO - Alert accepted
2025-12-11 17:33:32,989 - my_web_logger - INFO - Screenshot saved as: E:\pycharmworkspace\auto_web_20251210\pictures\LoginPage20251211173332.png
2025-12-11 17:33:43,369 - my_web_logger - INFO - Opened page: http://192.168.227.129/ecshop/user.php
2025-12-11 17:33:43,424 - my_web_logger - INFO - Element found: ('name', 'username')
2025-12-11 17:33:43,887 - my_web_logger - INFO - Input text: 'zhangtiedan' into element: ('name', 'username')
2025-12-11 17:33:43,909 - my_web_logger - INFO - Element found: ('name', 'password')
2025-12-11 17:33:44,132 - my_web_logger - INFO - Input text: '111111' into element: ('name', 'password')
2025-12-11 17:33:44,201 - my_web_logger - INFO - Element found: ('id', 'remember')
2025-12-11 17:33:44,367 - my_web_logger - INFO - Clicked element: ('id', 'remember')
2025-12-11 17:33:44,445 - my_web_logger - INFO - Element found: ('name', 'submit')
2025-12-11 17:33:44,888 - my_web_logger - INFO - Clicked element: ('name', 'submit')
2025-12-11 17:33:52,647 - my_web_logger - INFO - Opened page: http://192.168.227.129/ecshop/user.php
2025-12-11 17:33:52,790 - my_web_logger - INFO - Element found: ('name', 'username')
2025-12-11 17:33:53,536 - my_web_logger - INFO - Input text: 'zhangtiedan' into element: ('name', 'username')
2025-12-11 17:33:53,723 - my_web_logger - INFO - Element found: ('name', 'password')
2025-12-11 17:33:54,270 - my_web_logger - INFO - Input text: '' into element: ('name', 'password')
2025-12-11 17:33:54,326 - my_web_logger - INFO - Element found: ('id', 'remember')
2025-12-11 17:33:54,623 - my_web_logger - INFO - Clicked element: ('id', 'remember')
2025-12-11 17:33:54,668 - my_web_logger - INFO - Element found: ('name', 'submit')
2025-12-11 17:33:55,009 - my_web_logger - INFO - Clicked element: ('name', 'submit')
2025-12-11 17:33:55,054 - my_web_logger - INFO - Alert text: - 登录密码不能为空。

2025-12-11 17:33:55,085 - my_web_logger - INFO - Alert accepted
2025-12-11 17:33:56,629 - my_web_logger - INFO - Screenshot saved as: E:\pycharmworkspace\auto_web_20251210\pictures\LoginPage20251211173356.png
2025-12-11 17:34:07,353 - my_web_logger - INFO - Opened page: http://192.168.227.129/ecshop/user.php
2025-12-11 17:34:07,429 - my_web_logger - INFO - Element found: ('name', 'username')
2025-12-11 17:34:07,929 - my_web_logger - INFO - Input text: 'zhangtiedan' into element: ('name', 'username')
2025-12-11 17:34:07,964 - my_web_logger - INFO - Element found: ('name', 'password')
2025-12-11 17:34:08,149 - my_web_logger - INFO - Input text: '111111' into element: ('name', 'password')
2025-12-11 17:34:08,200 - my_web_logger - INFO - Element found: ('id', 'remember')
2025-12-11 17:34:08,299 - my_web_logger - INFO - Clicked element: ('id', 'remember')
2025-12-11 17:34:08,319 - my_web_logger - INFO - Element found: ('name', 'submit')
2025-12-11 17:34:08,655 - my_web_logger - INFO - Clicked element: ('name', 'submit')
2025-12-11 17:34:16,098 - my_web_logger - INFO - Opened page: http://192.168.227.129/ecshop/user.php
2025-12-11 17:34:16,247 - my_web_logger - INFO - Element found: ('name', 'username')
2025-12-11 17:34:16,709 - my_web_logger - INFO - Input text: 'zhangtiedan' into element: ('name', 'username')
2025-12-11 17:34:16,736 - my_web_logger - INFO - Element found: ('name', 'password')
2025-12-11 17:34:17,115 - my_web_logger - INFO - Input text: '234234234' into element: ('name', 'password')
2025-12-11 17:34:17,149 - my_web_logger - INFO - Element found: ('id', 'remember')
2025-12-11 17:34:17,328 - my_web_logger - INFO - Clicked element: ('id', 'remember')
2025-12-11 17:34:17,396 - my_web_logger - INFO - Element found: ('name', 'submit')
2025-12-11 17:34:18,438 - my_web_logger - INFO - Clicked element: ('name', 'submit')
2025-12-11 17:34:18,529 - my_web_logger - INFO - Element found: ('xpath', '//*[@id="ECS_MEMBERZONE"]/a[1]')
2025-12-11 17:34:18,560 - my_web_logger - INFO - Got text: '登录' from element: ('xpath', '//*[@id="ECS_MEMBERZONE"]/a[1]')
2025-12-11 17:34:19,861 - my_web_logger - INFO - Screenshot saved as: E:\pycharmworkspace\auto_web_20251210\pictures\LoginPage20251211173419.png
