2026-07-18 08:52:27,843 - my_web_logger - INFO - Opened page: http://192.168.190.132/ecshop/user.php
2026-07-18 08:52:28,222 - my_web_logger - INFO - Element found: ('name', 'username')
2026-07-18 08:52:28,977 - my_web_logger - INFO - Input text: 'sdfsdf' into element: ('name', 'username')
2026-07-18 08:52:28,992 - my_web_logger - INFO - Element found: ('name', 'password')
2026-07-18 08:52:29,125 - my_web_logger - INFO - Input text: '123456' into element: ('name', 'password')
2026-07-18 08:52:29,142 - my_web_logger - INFO - Element found: ('id', 'remember')
2026-07-18 08:52:29,612 - my_web_logger - INFO - Clicked element: ('id', 'remember')
2026-07-18 08:52:29,624 - my_web_logger - INFO - Element found: ('name', 'submit')
2026-07-18 08:52:29,691 - my_web_logger - INFO - Clicked element: ('name', 'submit')
2026-07-18 08:52:30,159 - my_web_logger - INFO - Element found: ('xpath', '/html/body/div[1]/div[1]/div/div/a[1]')
2026-07-18 08:52:35,536 - my_web_logger - INFO - Opened page: http://192.168.190.132/ecshop/user.php
2026-07-18 08:52:35,569 - my_web_logger - INFO - Element found: ('name', 'username')
2026-07-18 08:52:35,694 - my_web_logger - INFO - Input text: 'sdfsdf' into element: ('name', 'username')
2026-07-18 08:52:35,707 - my_web_logger - INFO - Element found: ('name', 'password')
2026-07-18 08:52:35,835 - my_web_logger - INFO - Input text: '123456' into element: ('name', 'password')
2026-07-18 08:52:35,849 - my_web_logger - INFO - Element found: ('id', 'remember')
2026-07-18 08:52:35,937 - my_web_logger - INFO - Clicked element: ('id', 'remember')
2026-07-18 08:52:35,950 - my_web_logger - INFO - Element found: ('name', 'submit')
2026-07-18 08:52:36,172 - my_web_logger - INFO - Clicked element: ('name', 'submit')
2026-07-18 08:52:36,186 - my_web_logger - INFO - Element found: ('xpath', '/html/body/div[1]/div[1]/div/div/a[1]')
2026-07-18 08:52:36,601 - my_web_logger - INFO - Clicked element: ('xpath', '/html/body/div[1]/div[1]/div/div/a[1]')
2026-07-18 08:52:36,618 - my_web_logger - INFO - Element found: ('xpath', '/html/body/div[5]/div[1]/div/div/div/div/a[6]')
2026-07-18 08:52:37,166 - my_web_logger - INFO - Clicked element: ('xpath', '/html/body/div[5]/div[1]/div/div/div/div/a[6]')
2026-07-18 08:52:37,710 - my_web_logger - INFO - Elements found: ('name', 'msg_type')
2026-07-18 08:52:37,797 - my_web_logger - INFO - Element found: ('name', 'msg_title')
2026-07-18 08:52:37,871 - my_web_logger - INFO - Input text: '' into element: ('name', 'msg_title')
2026-07-18 08:52:37,883 - my_web_logger - INFO - Element found: ('name', 'msg_content')
2026-07-18 08:52:38,004 - my_web_logger - INFO - Input text: 'hellworld' into element: ('name', 'msg_content')
2026-07-18 08:52:38,014 - my_web_logger - INFO - Element found: ('xpath', '/html/body/div[5]/div[2]/div/div/div/form/table/tbody/tr[5]/td[2]/input[2]')
2026-07-18 08:52:38,072 - my_web_logger - INFO - Clicked element: ('xpath', '/html/body/div[5]/div[2]/div/div/div/form/table/tbody/tr[5]/td[2]/input[2]')
2026-07-18 08:52:38,075 - my_web_logger - INFO - Alert text: 留言标题为空

2026-07-18 08:52:38,086 - my_web_logger - INFO - Alert accepted
2026-07-18 08:52:38,399 - my_web_logger - INFO - Screenshot saved as: D:\software\pythonworkspace0630\auto_web_20251210\pictures\MyLeaveTextPage20260718085238.png
2026-07-18 08:52:44,960 - my_web_logger - INFO - Opened page: http://192.168.190.132/ecshop/user.php
2026-07-18 08:52:45,036 - my_web_logger - INFO - Element found: ('name', 'username')
2026-07-18 08:52:45,421 - my_web_logger - INFO - Input text: 'sdfsdf' into element: ('name', 'username')
2026-07-18 08:52:45,436 - my_web_logger - INFO - Element found: ('name', 'password')
2026-07-18 08:52:45,530 - my_web_logger - INFO - Input text: '123456' into element: ('name', 'password')
2026-07-18 08:52:45,546 - my_web_logger - INFO - Element found: ('id', 'remember')
2026-07-18 08:52:45,873 - my_web_logger - INFO - Clicked element: ('id', 'remember')
2026-07-18 08:52:45,888 - my_web_logger - INFO - Element found: ('name', 'submit')
2026-07-18 08:52:46,157 - my_web_logger - INFO - Clicked element: ('name', 'submit')
2026-07-18 08:52:46,233 - my_web_logger - INFO - Element found: ('xpath', '/html/body/div[1]/div[1]/div/div/a[1]')
2026-07-18 08:52:46,619 - my_web_logger - INFO - Clicked element: ('xpath', '/html/body/div[1]/div[1]/div/div/a[1]')
2026-07-18 08:52:46,640 - my_web_logger - INFO - Element found: ('xpath', '/html/body/div[5]/div[1]/div/div/div/div/a[6]')
2026-07-18 08:52:46,939 - my_web_logger - INFO - Clicked element: ('xpath', '/html/body/div[5]/div[1]/div/div/div/div/a[6]')
2026-07-18 08:52:46,953 - my_web_logger - INFO - Elements found: ('name', 'msg_type')
2026-07-18 08:52:47,026 - my_web_logger - INFO - Element found: ('name', 'msg_title')
2026-07-18 08:52:47,199 - my_web_logger - INFO - Input text: '世界你好' into element: ('name', 'msg_title')
2026-07-18 08:52:47,213 - my_web_logger - INFO - Element found: ('name', 'msg_content')
2026-07-18 08:52:47,456 - my_web_logger - INFO - Input text: '' into element: ('name', 'msg_content')
2026-07-18 08:52:47,469 - my_web_logger - INFO - Element found: ('xpath', '/html/body/div[5]/div[2]/div/div/div/form/table/tbody/tr[5]/td[2]/input[2]')
2026-07-18 08:52:47,534 - my_web_logger - INFO - Clicked element: ('xpath', '/html/body/div[5]/div[2]/div/div/div/form/table/tbody/tr[5]/td[2]/input[2]')
2026-07-18 08:52:47,537 - my_web_logger - INFO - Alert text: 留言内容为空

2026-07-18 08:52:47,548 - my_web_logger - INFO - Alert accepted
2026-07-18 08:52:47,881 - my_web_logger - INFO - Screenshot saved as: D:\software\pythonworkspace0630\auto_web_20251210\pictures\MyLeaveTextPage20260718085247.png
2026-07-18 08:52:55,163 - my_web_logger - INFO - Opened page: http://192.168.190.132/ecshop/user.php
2026-07-18 08:52:55,195 - my_web_logger - INFO - Element found: ('name', 'username')
2026-07-18 08:52:55,400 - my_web_logger - INFO - Input text: 'sdfsdf' into element: ('name', 'username')
2026-07-18 08:52:55,416 - my_web_logger - INFO - Element found: ('name', 'password')
2026-07-18 08:52:55,582 - my_web_logger - INFO - Input text: '123456' into element: ('name', 'password')
2026-07-18 08:52:55,597 - my_web_logger - INFO - Element found: ('id', 'remember')
2026-07-18 08:52:55,676 - my_web_logger - INFO - Clicked element: ('id', 'remember')
2026-07-18 08:52:55,688 - my_web_logger - INFO - Element found: ('name', 'submit')
2026-07-18 08:52:56,158 - my_web_logger - INFO - Clicked element: ('name', 'submit')
2026-07-18 08:53:01,506 - my_web_logger - INFO - Opened page: http://192.168.190.132/ecshop/user.php
2026-07-18 08:53:01,553 - my_web_logger - INFO - Element found: ('name', 'username')
2026-07-18 08:53:01,762 - my_web_logger - INFO - Input text: 'zhangtiedan' into element: ('name', 'username')
2026-07-18 08:53:01,775 - my_web_logger - INFO - Element found: ('name', 'password')
2026-07-18 08:53:02,061 - my_web_logger - INFO - Input text: '111111' into element: ('name', 'password')
2026-07-18 08:53:02,204 - my_web_logger - INFO - Element found: ('id', 'remember')
2026-07-18 08:53:02,322 - my_web_logger - INFO - Clicked element: ('id', 'remember')
2026-07-18 08:53:02,336 - my_web_logger - INFO - Element found: ('name', 'submit')
2026-07-18 08:53:02,592 - my_web_logger - INFO - Clicked element: ('name', 'submit')
2026-07-18 08:53:02,626 - my_web_logger - INFO - Element found: ('xpath', '//*[@id="ECS_MEMBERZONE"]/a[1]')
2026-07-18 08:53:02,732 - my_web_logger - INFO - Got text: '登录' from element: ('xpath', '//*[@id="ECS_MEMBERZONE"]/a[1]')
2026-07-18 08:53:03,978 - my_web_logger - INFO - Screenshot saved as: D:\software\pythonworkspace0630\auto_web_20251210\pictures\LoginPage20260718085303.png
2026-07-18 08:53:10,220 - my_web_logger - INFO - Opened page: http://192.168.190.132/ecshop/user.php
2026-07-18 08:53:10,257 - my_web_logger - INFO - Element found: ('name', 'username')
2026-07-18 08:53:10,391 - my_web_logger - INFO - Input text: 'sdfsdf' into element: ('name', 'username')
2026-07-18 08:53:10,404 - my_web_logger - INFO - Element found: ('name', 'password')
2026-07-18 08:53:10,512 - my_web_logger - INFO - Input text: '123456' into element: ('name', 'password')
2026-07-18 08:53:10,528 - my_web_logger - INFO - Element found: ('id', 'remember')
2026-07-18 08:53:10,704 - my_web_logger - INFO - Clicked element: ('id', 'remember')
2026-07-18 08:53:10,735 - my_web_logger - INFO - Element found: ('name', 'submit')
2026-07-18 08:53:11,051 - my_web_logger - INFO - Clicked element: ('name', 'submit')
2026-07-18 08:53:15,304 - my_web_logger - INFO - Opened page: http://192.168.190.132/ecshop/user.php
2026-07-18 08:53:15,324 - my_web_logger - INFO - Element found: ('name', 'username')
2026-07-18 08:53:15,469 - my_web_logger - INFO - Input text: '' into element: ('name', 'username')
2026-07-18 08:53:15,483 - my_web_logger - INFO - Element found: ('name', 'password')
2026-07-18 08:53:15,609 - my_web_logger - INFO - Input text: '111111' into element: ('name', 'password')
2026-07-18 08:53:15,626 - my_web_logger - INFO - Element found: ('id', 'remember')
2026-07-18 08:53:15,757 - my_web_logger - INFO - Clicked element: ('id', 'remember')
2026-07-18 08:53:15,770 - my_web_logger - INFO - Element found: ('name', 'submit')
2026-07-18 08:53:15,836 - my_web_logger - INFO - Clicked element: ('name', 'submit')
2026-07-18 08:53:15,839 - my_web_logger - INFO - Alert text: - 用户名不能为空。

2026-07-18 08:53:15,847 - my_web_logger - INFO - Alert accepted
2026-07-18 08:53:17,081 - my_web_logger - INFO - Screenshot saved as: D:\software\pythonworkspace0630\auto_web_20251210\pictures\LoginPage20260718085316.png
2026-07-18 08:53:22,301 - my_web_logger - INFO - Opened page: http://192.168.190.132/ecshop/user.php
2026-07-18 08:53:22,316 - my_web_logger - INFO - Element found: ('name', 'username')
2026-07-18 08:53:22,474 - my_web_logger - INFO - Input text: 'sdfsdf' into element: ('name', 'username')
2026-07-18 08:53:22,489 - my_web_logger - INFO - Element found: ('name', 'password')
2026-07-18 08:53:22,690 - my_web_logger - INFO - Input text: '123456' into element: ('name', 'password')
2026-07-18 08:53:22,717 - my_web_logger - INFO - Element found: ('id', 'remember')
2026-07-18 08:53:22,774 - my_web_logger - INFO - Clicked element: ('id', 'remember')
2026-07-18 08:53:22,784 - my_web_logger - INFO - Element found: ('name', 'submit')
2026-07-18 08:53:22,943 - my_web_logger - INFO - Clicked element: ('name', 'submit')
2026-07-18 08:53:27,734 - my_web_logger - INFO - Opened page: http://192.168.190.132/ecshop/user.php
2026-07-18 08:53:27,820 - my_web_logger - INFO - Element found: ('name', 'username')
2026-07-18 08:53:28,528 - my_web_logger - INFO - Input text: 'zhangtiedan' into element: ('name', 'username')
2026-07-18 08:53:28,540 - my_web_logger - INFO - Element found: ('name', 'password')
2026-07-18 08:53:28,614 - my_web_logger - INFO - Input text: '' into element: ('name', 'password')
2026-07-18 08:53:28,626 - my_web_logger - INFO - Element found: ('id', 'remember')
2026-07-18 08:53:28,827 - my_web_logger - INFO - Clicked element: ('id', 'remember')
2026-07-18 08:53:28,838 - my_web_logger - INFO - Element found: ('name', 'submit')
2026-07-18 08:53:28,915 - my_web_logger - INFO - Clicked element: ('name', 'submit')
2026-07-18 08:53:28,920 - my_web_logger - INFO - Alert text: - 登录密码不能为空。

2026-07-18 08:53:28,933 - my_web_logger - INFO - Alert accepted
2026-07-18 08:53:30,138 - my_web_logger - INFO - Screenshot saved as: D:\software\pythonworkspace0630\auto_web_20251210\pictures\LoginPage20260718085329.png
2026-07-18 08:53:36,615 - my_web_logger - INFO - Opened page: http://192.168.190.132/ecshop/user.php
2026-07-18 08:53:36,638 - my_web_logger - INFO - Element found: ('name', 'username')
2026-07-18 08:53:36,777 - my_web_logger - INFO - Input text: 'sdfsdf' into element: ('name', 'username')
2026-07-18 08:53:36,791 - my_web_logger - INFO - Element found: ('name', 'password')
2026-07-18 08:53:36,883 - my_web_logger - INFO - Input text: '123456' into element: ('name', 'password')
2026-07-18 08:53:36,899 - my_web_logger - INFO - Element found: ('id', 'remember')
2026-07-18 08:53:36,992 - my_web_logger - INFO - Clicked element: ('id', 'remember')
2026-07-18 08:53:37,004 - my_web_logger - INFO - Element found: ('name', 'submit')
2026-07-18 08:53:37,214 - my_web_logger - INFO - Clicked element: ('name', 'submit')
2026-07-18 08:53:41,946 - my_web_logger - INFO - Opened page: http://192.168.190.132/ecshop/user.php
2026-07-18 08:53:42,134 - my_web_logger - INFO - Element found: ('name', 'username')
2026-07-18 08:53:42,358 - my_web_logger - INFO - Input text: 'zhangtiedan' into element: ('name', 'username')
2026-07-18 08:53:42,373 - my_web_logger - INFO - Element found: ('name', 'password')
2026-07-18 08:53:42,776 - my_web_logger - INFO - Input text: '234234234' into element: ('name', 'password')
2026-07-18 08:53:42,791 - my_web_logger - INFO - Element found: ('id', 'remember')
2026-07-18 08:53:42,895 - my_web_logger - INFO - Clicked element: ('id', 'remember')
2026-07-18 08:53:42,911 - my_web_logger - INFO - Element found: ('name', 'submit')
2026-07-18 08:53:43,230 - my_web_logger - INFO - Clicked element: ('name', 'submit')
2026-07-18 08:53:43,278 - my_web_logger - INFO - Element found: ('xpath', '//*[@id="ECS_MEMBERZONE"]/a[1]')
2026-07-18 08:53:43,309 - my_web_logger - INFO - Got text: '登录' from element: ('xpath', '//*[@id="ECS_MEMBERZONE"]/a[1]')
2026-07-18 08:53:44,569 - my_web_logger - INFO - Screenshot saved as: D:\software\pythonworkspace0630\auto_web_20251210\pictures\LoginPage20260718085344.png
2026-07-18 08:56:58,270 - my_web_logger - INFO - Opened page: http://192.168.190.132/ecshop/user.php
2026-07-18 08:56:58,307 - my_web_logger - INFO - Element found: ('name', 'username')
2026-07-18 08:56:58,438 - my_web_logger - INFO - Input text: 'sdfsdf' into element: ('name', 'username')
2026-07-18 08:56:58,448 - my_web_logger - INFO - Element found: ('name', 'password')
2026-07-18 08:56:58,526 - my_web_logger - INFO - Input text: '123456' into element: ('name', 'password')
2026-07-18 08:56:58,543 - my_web_logger - INFO - Element found: ('id', 'remember')
2026-07-18 08:56:58,618 - my_web_logger - INFO - Clicked element: ('id', 'remember')
2026-07-18 08:56:58,629 - my_web_logger - INFO - Element found: ('name', 'submit')
2026-07-18 08:56:58,692 - my_web_logger - INFO - Clicked element: ('name', 'submit')
2026-07-18 08:56:58,841 - my_web_logger - INFO - Element found: ('xpath', '/html/body/div[1]/div[1]/div/div/a[1]')
2026-07-18 08:56:59,264 - my_web_logger - INFO - Clicked element: ('xpath', '/html/body/div[1]/div[1]/div/div/a[1]')
2026-07-18 08:56:59,275 - my_web_logger - INFO - Element found: ('xpath', '/html/body/div[5]/div[1]/div/div/div/div/a[6]')
2026-07-18 08:56:59,437 - my_web_logger - INFO - Clicked element: ('xpath', '/html/body/div[5]/div[1]/div/div/div/div/a[6]')
2026-07-18 08:56:59,448 - my_web_logger - INFO - Elements found: ('name', 'msg_type')
2026-07-18 08:56:59,527 - my_web_logger - INFO - Element found: ('name', 'msg_title')
2026-07-18 08:56:59,601 - my_web_logger - INFO - Input text: '世界你好' into element: ('name', 'msg_title')
2026-07-18 08:56:59,612 - my_web_logger - INFO - Element found: ('name', 'msg_content')
2026-07-18 08:56:59,680 - my_web_logger - INFO - Input text: 'helloworld' into element: ('name', 'msg_content')
2026-07-18 08:56:59,690 - my_web_logger - INFO - Element found: ('xpath', '/html/body/div[5]/div[2]/div/div/div/form/table/tbody/tr[5]/td[2]/input[2]')
2026-07-18 08:56:59,753 - my_web_logger - INFO - Clicked element: ('xpath', '/html/body/div[5]/div[2]/div/div/div/form/table/tbody/tr[5]/td[2]/input[2]')
2026-07-18 08:57:03,320 - my_web_logger - INFO - Element found: ('xpath', '/html/body/div[5]/div[2]/div/div/div/div[2]/font')
2026-07-18 08:57:03,364 - my_web_logger - INFO - Got text: '世界你好' from element: ('xpath', '/html/body/div[5]/div[2]/div/div/div/div[2]/font')
2026-07-18 08:57:03,477 - my_web_logger - INFO - Screenshot saved as: D:\software\pythonworkspace0630\auto_web_20251210\pictures\MyLeaveTextPage20260718085703.png
2026-07-18 08:57:08,650 - my_web_logger - INFO - Opened page: http://192.168.190.132/ecshop/user.php
2026-07-18 08:57:08,675 - my_web_logger - INFO - Element found: ('name', 'username')
2026-07-18 08:57:08,803 - my_web_logger - INFO - Input text: 'sdfsdf' into element: ('name', 'username')
2026-07-18 08:57:08,815 - my_web_logger - INFO - Element found: ('name', 'password')
2026-07-18 08:57:08,887 - my_web_logger - INFO - Input text: '123456' into element: ('name', 'password')
2026-07-18 08:57:08,900 - my_web_logger - INFO - Element found: ('id', 'remember')
2026-07-18 08:57:08,961 - my_web_logger - INFO - Clicked element: ('id', 'remember')
2026-07-18 08:57:08,971 - my_web_logger - INFO - Element found: ('name', 'submit')
2026-07-18 08:57:09,024 - my_web_logger - INFO - Clicked element: ('name', 'submit')
2026-07-18 08:57:09,037 - my_web_logger - INFO - Element found: ('xpath', '/html/body/div[1]/div[1]/div/div/a[1]')
2026-07-18 08:57:12,938 - my_web_logger - INFO - Opened page: http://192.168.190.132/ecshop/user.php
2026-07-18 08:57:12,949 - my_web_logger - INFO - Element found: ('name', 'username')
2026-07-18 08:57:13,083 - my_web_logger - INFO - Input text: 'sdfsdf' into element: ('name', 'username')
2026-07-18 08:57:13,095 - my_web_logger - INFO - Element found: ('name', 'password')
2026-07-18 08:57:13,169 - my_web_logger - INFO - Input text: '123456' into element: ('name', 'password')
2026-07-18 08:57:13,182 - my_web_logger - INFO - Element found: ('id', 'remember')
2026-07-18 08:57:13,388 - my_web_logger - INFO - Clicked element: ('id', 'remember')
2026-07-18 08:57:13,398 - my_web_logger - INFO - Element found: ('name', 'submit')
2026-07-18 08:57:13,666 - my_web_logger - INFO - Clicked element: ('name', 'submit')
2026-07-18 08:57:13,687 - my_web_logger - INFO - Element found: ('xpath', '/html/body/div[1]/div[1]/div/div/a[1]')
2026-07-18 08:57:13,909 - my_web_logger - INFO - Clicked element: ('xpath', '/html/body/div[1]/div[1]/div/div/a[1]')
2026-07-18 08:57:13,922 - my_web_logger - INFO - Element found: ('xpath', '/html/body/div[5]/div[1]/div/div/div/div/a[6]')
2026-07-18 08:57:14,110 - my_web_logger - INFO - Clicked element: ('xpath', '/html/body/div[5]/div[1]/div/div/div/div/a[6]')
2026-07-18 08:57:14,126 - my_web_logger - INFO - Elements found: ('name', 'msg_type')
2026-07-18 08:57:14,201 - my_web_logger - INFO - Element found: ('name', 'msg_title')
2026-07-18 08:57:14,268 - my_web_logger - INFO - Input text: '世界你好' into element: ('name', 'msg_title')
2026-07-18 08:57:14,280 - my_web_logger - INFO - Element found: ('name', 'msg_content')
2026-07-18 08:57:14,342 - my_web_logger - INFO - Input text: '' into element: ('name', 'msg_content')
2026-07-18 08:57:14,353 - my_web_logger - INFO - Element found: ('xpath', '/html/body/div[5]/div[2]/div/div/div/form/table/tbody/tr[5]/td[2]/input[2]')
2026-07-18 08:57:14,415 - my_web_logger - INFO - Clicked element: ('xpath', '/html/body/div[5]/div[2]/div/div/div/form/table/tbody/tr[5]/td[2]/input[2]')
2026-07-18 08:57:14,418 - my_web_logger - INFO - Alert text: 留言内容为空

2026-07-18 08:57:14,424 - my_web_logger - INFO - Alert accepted
2026-07-18 08:57:14,601 - my_web_logger - INFO - Screenshot saved as: D:\software\pythonworkspace0630\auto_web_20251210\pictures\MyLeaveTextPage20260718085714.png
2026-07-18 08:57:19,614 - my_web_logger - INFO - Opened page: http://192.168.190.132/ecshop/user.php
2026-07-18 08:57:19,632 - my_web_logger - INFO - Element found: ('name', 'username')
2026-07-18 08:57:19,775 - my_web_logger - INFO - Input text: 'sdfsdf' into element: ('name', 'username')
2026-07-18 08:57:19,788 - my_web_logger - INFO - Element found: ('name', 'password')
2026-07-18 08:57:19,903 - my_web_logger - INFO - Input text: '123456' into element: ('name', 'password')
2026-07-18 08:57:19,913 - my_web_logger - INFO - Element found: ('id', 'remember')
2026-07-18 08:57:19,981 - my_web_logger - INFO - Clicked element: ('id', 'remember')
2026-07-18 08:57:20,001 - my_web_logger - INFO - Element found: ('name', 'submit')
2026-07-18 08:57:20,262 - my_web_logger - INFO - Clicked element: ('name', 'submit')
2026-07-18 08:57:23,319 - my_web_logger - INFO - Opened page: http://192.168.190.132/ecshop/user.php
2026-07-18 08:57:23,337 - my_web_logger - INFO - Element found: ('name', 'username')
2026-07-18 08:57:23,565 - my_web_logger - INFO - Input text: 'sdfsdf' into element: ('name', 'username')
2026-07-18 08:57:23,579 - my_web_logger - INFO - Element found: ('name', 'password')
2026-07-18 08:57:23,687 - my_web_logger - INFO - Input text: '111111' into element: ('name', 'password')
2026-07-18 08:57:23,702 - my_web_logger - INFO - Element found: ('id', 'remember')
2026-07-18 08:57:23,809 - my_web_logger - INFO - Clicked element: ('id', 'remember')
2026-07-18 08:57:23,820 - my_web_logger - INFO - Element found: ('name', 'submit')
2026-07-18 08:57:24,002 - my_web_logger - INFO - Clicked element: ('name', 'submit')
2026-07-18 08:57:24,029 - my_web_logger - INFO - Element found: ('xpath', '//*[@id="ECS_MEMBERZONE"]/a[1]')
2026-07-18 08:57:24,057 - my_web_logger - INFO - Got text: '登录' from element: ('xpath', '//*[@id="ECS_MEMBERZONE"]/a[1]')
2026-07-18 08:57:25,162 - my_web_logger - INFO - Screenshot saved as: D:\software\pythonworkspace0630\auto_web_20251210\pictures\LoginPage20260718085725.png
2026-07-18 08:57:30,764 - my_web_logger - INFO - Opened page: http://192.168.190.132/ecshop/user.php
2026-07-18 08:57:30,802 - my_web_logger - INFO - Element found: ('name', 'username')
2026-07-18 08:57:30,905 - my_web_logger - INFO - Input text: 'sdfsdf' into element: ('name', 'username')
2026-07-18 08:57:30,924 - my_web_logger - INFO - Element found: ('name', 'password')
2026-07-18 08:57:31,114 - my_web_logger - INFO - Input text: '123456' into element: ('name', 'password')
2026-07-18 08:57:31,132 - my_web_logger - INFO - Element found: ('id', 'remember')
2026-07-18 08:57:31,758 - my_web_logger - INFO - Clicked element: ('id', 'remember')
2026-07-18 08:57:31,772 - my_web_logger - INFO - Element found: ('name', 'submit')
2026-07-18 08:57:31,840 - my_web_logger - INFO - Clicked element: ('name', 'submit')
2026-07-18 08:57:37,843 - my_web_logger - INFO - Opened page: http://192.168.190.132/ecshop/user.php
2026-07-18 08:57:37,903 - my_web_logger - INFO - Element found: ('name', 'username')
2026-07-18 08:57:38,019 - my_web_logger - INFO - Input text: '' into element: ('name', 'username')
2026-07-18 08:57:38,083 - my_web_logger - INFO - Element found: ('name', 'password')
2026-07-18 08:57:38,177 - my_web_logger - INFO - Input text: '111111' into element: ('name', 'password')
2026-07-18 08:57:38,195 - my_web_logger - INFO - Element found: ('id', 'remember')
2026-07-18 08:57:38,278 - my_web_logger - INFO - Clicked element: ('id', 'remember')
2026-07-18 08:57:38,290 - my_web_logger - INFO - Element found: ('name', 'submit')
2026-07-18 08:57:38,370 - my_web_logger - INFO - Clicked element: ('name', 'submit')
2026-07-18 08:57:38,405 - my_web_logger - INFO - Alert text: - 用户名不能为空。

2026-07-18 08:57:38,413 - my_web_logger - INFO - Alert accepted
2026-07-18 08:57:39,542 - my_web_logger - INFO - Screenshot saved as: D:\software\pythonworkspace0630\auto_web_20251210\pictures\LoginPage20260718085739.png
2026-07-18 08:57:51,915 - my_web_logger - INFO - Opened page: http://192.168.190.132/ecshop/user.php
2026-07-18 08:57:52,128 - my_web_logger - INFO - Element found: ('name', 'username')
2026-07-18 08:57:54,419 - my_web_logger - INFO - Input text: 'sdfsdf' into element: ('name', 'username')
2026-07-18 08:57:54,431 - my_web_logger - INFO - Element found: ('name', 'password')
2026-07-18 08:57:57,366 - my_web_logger - INFO - Input text: '123456' into element: ('name', 'password')
2026-07-18 08:57:57,645 - my_web_logger - INFO - Element found: ('id', 'remember')
2026-07-18 08:57:57,940 - my_web_logger - INFO - Clicked element: ('id', 'remember')
2026-07-18 08:57:57,953 - my_web_logger - INFO - Element found: ('name', 'submit')
2026-07-18 08:57:58,012 - my_web_logger - INFO - Clicked element: ('name', 'submit')
2026-07-18 08:58:22,639 - my_web_logger - INFO - Opened page: http://192.168.190.132/ecshop/user.php
2026-07-18 08:58:23,126 - my_web_logger - INFO - Element found: ('name', 'username')
2026-07-18 08:58:25,564 - my_web_logger - INFO - Input text: 'zhangtiedan' into element: ('name', 'username')
2026-07-18 08:58:26,152 - my_web_logger - INFO - Element found: ('name', 'password')
2026-07-18 08:58:30,297 - my_web_logger - INFO - Input text: '' into element: ('name', 'password')
2026-07-18 08:58:30,916 - my_web_logger - INFO - Element found: ('id', 'remember')
2026-07-18 08:58:30,995 - my_web_logger - INFO - Clicked element: ('id', 'remember')
2026-07-18 08:58:31,009 - my_web_logger - INFO - Element found: ('name', 'submit')
2026-07-18 08:58:31,079 - my_web_logger - INFO - Clicked element: ('name', 'submit')
2026-07-18 08:58:31,083 - my_web_logger - INFO - Alert text: - 登录密码不能为空。

2026-07-18 08:58:31,091 - my_web_logger - INFO - Alert accepted
2026-07-18 08:58:53,069 - my_web_logger - INFO - Screenshot saved as: D:\software\pythonworkspace0630\auto_web_20251210\pictures\LoginPage20260718085852.png
2026-07-18 08:59:40,995 - my_web_logger - INFO - Opened page: http://192.168.190.132/ecshop/user.php
2026-07-18 08:59:41,021 - my_web_logger - INFO - Element found: ('name', 'username')
2026-07-18 08:59:41,174 - my_web_logger - INFO - Input text: 'sdfsdf' into element: ('name', 'username')
2026-07-18 08:59:41,185 - my_web_logger - INFO - Element found: ('name', 'password')
2026-07-18 08:59:41,279 - my_web_logger - INFO - Input text: '123456' into element: ('name', 'password')
2026-07-18 08:59:41,295 - my_web_logger - INFO - Element found: ('id', 'remember')
2026-07-18 08:59:41,367 - my_web_logger - INFO - Clicked element: ('id', 'remember')
2026-07-18 08:59:41,380 - my_web_logger - INFO - Element found: ('name', 'submit')
2026-07-18 08:59:41,699 - my_web_logger - INFO - Clicked element: ('name', 'submit')
2026-07-18 08:59:45,715 - my_web_logger - INFO - Opened page: http://192.168.190.132/ecshop/user.php
2026-07-18 08:59:45,757 - my_web_logger - INFO - Element found: ('name', 'username')
2026-07-18 08:59:46,107 - my_web_logger - INFO - Input text: 'zhangtiedan' into element: ('name', 'username')
2026-07-18 08:59:46,121 - my_web_logger - INFO - Element found: ('name', 'password')
2026-07-18 08:59:46,382 - my_web_logger - INFO - Input text: '234234234' into element: ('name', 'password')
2026-07-18 08:59:46,406 - my_web_logger - INFO - Element found: ('id', 'remember')
2026-07-18 08:59:46,483 - my_web_logger - INFO - Clicked element: ('id', 'remember')
2026-07-18 08:59:46,509 - my_web_logger - INFO - Element found: ('name', 'submit')
2026-07-18 08:59:46,985 - my_web_logger - INFO - Clicked element: ('name', 'submit')
2026-07-18 08:59:47,054 - my_web_logger - INFO - Element found: ('xpath', '//*[@id="ECS_MEMBERZONE"]/a[1]')
2026-07-18 08:59:47,109 - my_web_logger - INFO - Got text: '登录' from element: ('xpath', '//*[@id="ECS_MEMBERZONE"]/a[1]')
2026-07-18 08:59:48,205 - my_web_logger - INFO - Screenshot saved as: D:\software\pythonworkspace0630\auto_web_20251210\pictures\LoginPage20260718085948.png
